#
# A fatal error has been detected by the Java Runtime Environment:
#
#  EXCEPTION_ACCESS_VIOLATION (0xc0000005) at pc=0x0000000180004465, pid=17400, tid=16508
#
# JRE version: Java(TM) SE Runtime Environment (16.0+36) (build 16+36-2231)
# Java VM: Java HotSpot(TM) 64-Bit Server VM (16+36-2231, mixed mode, sharing, tiered, compressed oops, g1 gc, windows-amd64)
# Problematic frame:
# C  [rxtxSerial.dll+0x4465]
#
# No core dump will be written. Minidumps are not enabled by default on client versions of Windows
#
# If you would like to submit a bug report, please visit:
#   https://bugreport.java.com/bugreport/crash.jsp
# The crash happened outside the Java Virtual Machine in native code.
# See problematic frame for where to report the bug.
#

---------------  S U M M A R Y ------------

Command Line: -javaagent:E:\program\JetBrains\IntelliJ IDEA 2021.1\lib\idea_rt.jar=5746:E:\program\JetBrains\IntelliJ IDEA 2021.1\bin -Dfile.encoding=UTF-8 com.ljscode.main.Main

Host: Intel(R) Core(TM) i7-6700HQ CPU @ 2.60GHz, 8 cores, 15G,  Windows 10 , 64 bit Build 19041 (10.0.19041.662)
Time: Fri May 21 23:07:41 2021  Windows 10 , 64 bit Build 19041 (10.0.19041.662) elapsed time: 0.270774 seconds (0d 0h 0m 0s)

---------------  T H R E A D  ---------------

Current thread (0x000001f570feeea0):  JavaThread "main" [_thread_in_native, id=16508, stack(0x0000009263f00000,0x0000009264000000)]

Stack: [0x0000009263f00000,0x0000009264000000],  sp=0x0000009263ffe750,  free space=1017k
Native frames: (J=compiled Java code, j=interpreted, Vv=VM code, C=native code)
C  [rxtxSerial.dll+0x4465]

Java frames: (J=compiled Java code, j=interpreted, Vv=VM code)
j  gnu.io.RXTXPort.nativeDrain(Z)Z+0
j  gnu.io.RXTXPort$SerialOutputStream.flush()V+92
j  com.ljscode.base.BaseUSBListener.sendToPort(Lgnu/io/SerialPort;[B)V+13
j  com.ljscode.main.Main.main([Ljava/lang/String;)V+80
v  ~StubRoutines::call_stub

siginfo: EXCEPTION_ACCESS_VIOLATION (0xc0000005), reading address 0x00000000653ff09c


Register to memory mapping:

RIP=0x0000000180004465 rxtxSerial.dll
RAX=0x000000000000001c is an unknown value
RBX=0x000001f570fef1b0 points into unknown readable memory: 0x00007fffd2c733d0 | d0 33 c7 d2 ff 7f 00 00
RCX=0x0000009263ffee6c is pointing into the stack for thread: 0x000001f570feeea0
RDX=0x0 is NULL
RSP=0x0000009263ffe750 is pointing into the stack for thread: 0x000001f570feeea0
RBP=0x0000000000000001 is an unknown value
RSI=0x0 is NULL
RDI=0x0000000000000001 is an unknown value
R8 =0x0000009263ffe410 is pointing into the stack for thread: 0x000001f570feeea0
R9 =0x0000000180000000 rxtxSerial.dll
R10=0x0 is NULL
R11=0x0000000000000200 is an unknown value
R12=0x00000000653ff090 is an unknown value
R13=0x0 is NULL
R14=0x0000009263ffef80 is pointing into the stack for thread: 0x000001f570feeea0
R15=0x000001f570feeea0 is a thread


Registers:
RAX=0x000000000000001c, RBX=0x000001f570fef1b0, RCX=0x0000009263ffee6c, RDX=0x0000000000000000
RSP=0x0000009263ffe750, RBP=0x0000000000000001, RSI=0x0000000000000000, RDI=0x0000000000000001
R8 =0x0000009263ffe410, R9 =0x0000000180000000, R10=0x0000000000000000, R11=0x0000000000000200
R12=0x00000000653ff090, R13=0x0000000000000000, R14=0x0000009263ffef80, R15=0x000001f570feeea0
RIP=0x0000000180004465, EFLAGS=0x0000000000010206

Top of Stack: (sp=0x0000009263ffe750)
0x0000009263ffe750:   000001f570fef1b0 000000018001c4c0
0x0000009263ffe760:   0000000000000000 0000000000000001
0x0000009263ffe770:   0000000000000000 00007fffd28e5ab0
0x0000009263ffe780:   0000009263ffef80 00007fffd28b2c15
0x0000009263ffe790:   0000000800017d08 0000000800413f18
0x0000009263ffe7a0:   0000009263ffeb10 00007fffd27556e3
0x0000009263ffe7b0:   0000000000000000 000001f570feeea0
0x0000009263ffe7c0:   000001f570feeea0 0000009263ffeb10
0x0000009263ffe7d0:   0000009200000000 000001f570feeea0
0x0000009263ffe7e0:   000000080001f188 00007fffd24b5b32
0x0000009263ffe7f0:   000001f570feeea0 0000000000000000
0x0000009263ffe800:   000001f56ef22480 000001f570fef3c0
0x0000009263ffe810:   000001f570fef3d0 000001f570fef7a8
0x0000009263ffe820:   00000000000003d8 ffffffff0000000e
0x0000009263ffe830:   0000000800410068 0000000000000000
0x0000009263ffe840:   0000000000000000 0000000000000000 

Instructions: (pc=0x0000000180004465)
0x0000000180004365:   02 00 00 00 e8 d2 79 00 00 85 c0 75 19 85 f6 75
0x0000000180004375:   15 e8 25 76 00 00 48 8d 15 86 91 01 00 48 8d 48
0x0000000180004385:   60 e8 9d 74 00 00 4c 8b e6 66 90 8b cd e8 49 57
0x0000000180004395:   00 00 ff c7 8b f0 85 c0 74 0f e8 04 79 00 00 83
0x00000001800043a5:   38 04 75 05 83 ff 03 7c e2 48 8d 15 0b 81 01 00
0x00000001800043b5:   48 8d 8c 24 00 07 00 00 44 8b c6 e8 c7 73 00 00
0x00000001800043c5:   85 f6 0f 84 86 00 00 00 e8 d6 78 00 00 8b 08 e8
0x00000001800043d5:   eb 77 00 00 4c 8b 03 48 8d 15 0d 81 01 00 48 8b
0x00000001800043e5:   cb 48 8b f0 41 ff 50 30 48 8b f8 48 85 c0 75 1b
0x00000001800043f5:   48 8b 03 48 8b cb ff 90 80 00 00 00 4c 8b 1b 48
0x0000000180004405:   8b cb 41 ff 93 88 00 00 00 eb 43 4c 8d 0d c9 80
0x0000000180004415:   01 00 48 8d 15 12 91 01 00 48 8d 8c 24 c0 06 00
0x0000000180004425:   00 4c 8b c6 e8 5e 73 00 00 4c 8b 1b 4c 8d 84 24
0x0000000180004435:   c0 06 00 00 48 8b d7 48 8b cb 41 ff 53 70 4c 8b
0x0000000180004445:   1b 48 8b d7 48 8b cb 41 ff 93 b8 00 00 00 45 84
0x0000000180004455:   ed 0f 85 97 00 00 00 4d 85 e4 0f 84 8e 00 00 00
0x0000000180004465:   41 83 7c 24 0c 00 0f 84 82 00 00 00 4c 8d 44 24
0x0000000180004475:   30 48 8d 4c 24 38 4d 8b cc 48 8b d3 e8 8a f4 ff
0x0000000180004485:   ff 48 8d 8c 24 80 03 00 00 41 b8 40 03 00 00 48
0x0000000180004495:   8b d0 e8 74 79 00 00 83 bc 24 18 04 00 00 01 7f
0x00000001800044a5:   4d 48 83 bc 24 30 04 00 00 00 74 42 48 8b 9c 24
0x00000001800044b5:   20 04 00 00 48 8b cb 48 8b 03 ff 90 88 00 00 00
0x00000001800044c5:   48 8b 94 24 28 04 00 00 4c 8b 1b 48 8b 12 4c 8b
0x00000001800044d5:   84 24 38 04 00 00 41 b9 02 00 00 00 48 8b cb c7
0x00000001800044e5:   44 24 20 01 00 00 00 41 ff 93 28 01 00 00 32 c0
0x00000001800044f5:   48 8b 8c 24 50 07 00 00 48 33 cc e8 db 70 00 00
0x0000000180004505:   48 8b 9c 24 a0 07 00 00 48 81 c4 60 07 00 00 41
0x0000000180004515:   5d 41 5c 5f 5e 5d c3 cc cc cc cc cc cc cc cc cc
0x0000000180004525:   cc cc cc cc cc cc cc cc cc cc cc 48 89 5c 24 08
0x0000000180004535:   48 89 6c 24 10 48 89 74 24 18 57 48 83 ec 20 48
0x0000000180004545:   8b 01 41 8b e8 48 8b fa 48 8b d9 ff 90 f8 00 00
0x0000000180004555:   00 4c 8b 13 4c 8d 0d 3c 7f 01 00 4c 8d 05 85 7f 


Stack slot to memory mapping:
stack at sp + 0 slots: 0x000001f570fef1b0 points into unknown readable memory: 0x00007fffd2c733d0 | d0 33 c7 d2 ff 7f 00 00
stack at sp + 1 slots: 0x000000018001c4c0 rxtxSerial.dll
stack at sp + 2 slots: 0x0 is NULL
stack at sp + 3 slots: 0x0000000000000001 is an unknown value
stack at sp + 4 slots: 0x0 is NULL
stack at sp + 5 slots: 0x00007fffd28e5ab0 jvm.dll
stack at sp + 6 slots: 0x0000009263ffef80 is pointing into the stack for thread: 0x000001f570feeea0
stack at sp + 7 slots: 0x00007fffd28b2c15 jvm.dll


---------------  P R O C E S S  ---------------

Threads class SMR info:
_java_thread_list=0x000001f57f8fe6b0, length=14, elements={
0x000001f570feeea0, 0x000001f57ebce420, 0x000001f57ebcf2e0, 0x000001f57ebf5e40,
0x000001f57ebf6940, 0x000001f57ebe5250, 0x000001f57ebe5c50, 0x000001f57ebebe90,
0x000001f57ebff010, 0x000001f57ebffa50, 0x000001f57ebaf340, 0x000001f57fa572f0,
0x000001f57fa5ac30, 0x000001f57fa88e10
}

Java Threads: ( => current thread )
=>0x000001f570feeea0 JavaThread "main" [_thread_in_native, id=16508, stack(0x0000009263f00000,0x0000009264000000)]
  0x000001f57ebce420 JavaThread "Reference Handler" daemon [_thread_blocked, id=17212, stack(0x0000009264600000,0x0000009264700000)]
  0x000001f57ebcf2e0 JavaThread "Finalizer" daemon [_thread_blocked, id=148, stack(0x0000009264700000,0x0000009264800000)]
  0x000001f57ebf5e40 JavaThread "Signal Dispatcher" daemon [_thread_blocked, id=11856, stack(0x0000009264800000,0x0000009264900000)]
  0x000001f57ebf6940 JavaThread "Attach Listener" daemon [_thread_blocked, id=16504, stack(0x0000009264900000,0x0000009264a00000)]
  0x000001f57ebe5250 JavaThread "Service Thread" daemon [_thread_blocked, id=4984, stack(0x0000009264a00000,0x0000009264b00000)]
  0x000001f57ebe5c50 JavaThread "Monitor Deflation Thread" daemon [_thread_blocked, id=9912, stack(0x0000009264b00000,0x0000009264c00000)]
  0x000001f57ebebe90 JavaThread "C2 CompilerThread0" daemon [_thread_blocked, id=4236, stack(0x0000009264c00000,0x0000009264d00000)]
  0x000001f57ebff010 JavaThread "C1 CompilerThread0" daemon [_thread_blocked, id=17104, stack(0x0000009264d00000,0x0000009264e00000)]
  0x000001f57ebffa50 JavaThread "Sweeper thread" daemon [_thread_blocked, id=716, stack(0x0000009264e00000,0x0000009264f00000)]
  0x000001f57ebaf340 JavaThread "Common-Cleaner" daemon [_thread_blocked, id=16388, stack(0x0000009264f00000,0x0000009265000000)]
  0x000001f57fa572f0 JavaThread "Monitor Ctrl-Break" daemon [_thread_in_native, id=17152, stack(0x0000009265000000,0x0000009265100000)]
  0x000001f57fa5ac30 JavaThread "Notification Thread" daemon [_thread_blocked, id=13128, stack(0x0000009265100000,0x0000009265200000)]
  0x000001f57fa88e10 JavaThread "Thread-0" [_thread_in_native, id=14640, stack(0x0000009265300000,0x0000009265400000)]

Other Threads:
  0x000001f57ebcb7e0 VMThread "VM Thread" [stack: 0x0000009264500000,0x0000009264600000] [id=1104]
  0x000001f57fa5b960 WatcherThread [stack: 0x0000009265200000,0x0000009265300000] [id=16768]
  0x000001f57103dd80 GCTaskThread "GC Thread#0" [stack: 0x0000009264000000,0x0000009264100000] [id=16272]
  0x000001f571050eb0 ConcurrentGCThread "G1 Main Marker" [stack: 0x0000009264100000,0x0000009264200000] [id=15560]
  0x000001f5710520c0 ConcurrentGCThread "G1 Conc#0" [stack: 0x0000009264200000,0x0000009264300000] [id=16596]
  0x000001f5710c6870 ConcurrentGCThread "G1 Refine#0" [stack: 0x0000009264300000,0x0000009264400000] [id=12660]
  0x000001f57ea82410 ConcurrentGCThread "G1 Service" [stack: 0x0000009264400000,0x0000009264500000] [id=10896]

Threads with active compile tasks:

VM state: not at safepoint (normal execution)

VM Mutex/Monitor currently owned by a thread: None

Heap address: 0x0000000703200000, size: 4046 MB, Compressed Oops mode: Zero based, Oop shift amount: 3
CDS archive(s) mapped at: [0x0000000800000000-0x0000000800bb0000-0x0000000800bb0000), size 12255232, SharedBaseAddress: 0x0000000800000000, ArchiveRelocationMode: 0.
Compressed class space mapped at: 0x0000000800c00000-0x0000000840c00000, reserved size: 1073741824
Narrow klass base: 0x0000000800000000, Narrow klass shift: 3, Narrow klass range: 0x100000000

GC Precious Log:
 CPUs: 8 total, 8 available
 Memory: 16178M
 Large Page Support: Disabled
 NUMA Support: Disabled
 Compressed Oops: Enabled (Zero based)
 Heap Region Size: 2M
 Heap Min Capacity: 8M
 Heap Initial Capacity: 254M
 Heap Max Capacity: 4046M
 Pre-touch: Disabled
 Parallel Workers: 8
 Concurrent Workers: 2
 Concurrent Refinement Workers: 8
 Periodic GC: Disabled

Heap:
 garbage-first heap   total 260096K, used 2048K [0x0000000703200000, 0x0000000800000000)
  region size 2048K, 2 young (4096K), 0 survivors (0K)
 Metaspace       used 1007K, committed 1152K, reserved 1056768K
  class space    used 78K, committed 128K, reserved 1048576K

Heap Regions: E=young(eden), S=young(survivor), O=old, HS=humongous(starts), HC=humongous(continues), CS=collection set, F=free, OA=open archive, CA=closed archive, TAMS=top-at-mark-start (previous, next)
|   0|0x0000000703200000, 0x0000000703200000, 0x0000000703400000|  0%| F|  |TAMS 0x0000000703200000, 0x0000000703200000| Untracked 
|   1|0x0000000703400000, 0x0000000703400000, 0x0000000703600000|  0%| F|  |TAMS 0x0000000703400000, 0x0000000703400000| Untracked 
|   2|0x0000000703600000, 0x0000000703600000, 0x0000000703800000|  0%| F|  |TAMS 0x0000000703600000, 0x0000000703600000| Untracked 
|   3|0x0000000703800000, 0x0000000703800000, 0x0000000703a00000|  0%| F|  |TAMS 0x0000000703800000, 0x0000000703800000| Untracked 
|   4|0x0000000703a00000, 0x0000000703a00000, 0x0000000703c00000|  0%| F|  |TAMS 0x0000000703a00000, 0x0000000703a00000| Untracked 
|   5|0x0000000703c00000, 0x0000000703c00000, 0x0000000703e00000|  0%| F|  |TAMS 0x0000000703c00000, 0x0000000703c00000| Untracked 
|   6|0x0000000703e00000, 0x0000000703e00000, 0x0000000704000000|  0%| F|  |TAMS 0x0000000703e00000, 0x0000000703e00000| Untracked 
|   7|0x0000000704000000, 0x0000000704000000, 0x0000000704200000|  0%| F|  |TAMS 0x0000000704000000, 0x0000000704000000| Untracked 
|   8|0x0000000704200000, 0x0000000704200000, 0x0000000704400000|  0%| F|  |TAMS 0x0000000704200000, 0x0000000704200000| Untracked 
|   9|0x0000000704400000, 0x0000000704400000, 0x0000000704600000|  0%| F|  |TAMS 0x0000000704400000, 0x0000000704400000| Untracked 
|  10|0x0000000704600000, 0x0000000704600000, 0x0000000704800000|  0%| F|  |TAMS 0x0000000704600000, 0x0000000704600000| Untracked 
|  11|0x0000000704800000, 0x0000000704800000, 0x0000000704a00000|  0%| F|  |TAMS 0x0000000704800000, 0x0000000704800000| Untracked 
|  12|0x0000000704a00000, 0x0000000704a00000, 0x0000000704c00000|  0%| F|  |TAMS 0x0000000704a00000, 0x0000000704a00000| Untracked 
|  13|0x0000000704c00000, 0x0000000704c00000, 0x0000000704e00000|  0%| F|  |TAMS 0x0000000704c00000, 0x0000000704c00000| Untracked 
|  14|0x0000000704e00000, 0x0000000704e00000, 0x0000000705000000|  0%| F|  |TAMS 0x0000000704e00000, 0x0000000704e00000| Untracked 
|  15|0x0000000705000000, 0x0000000705000000, 0x0000000705200000|  0%| F|  |TAMS 0x0000000705000000, 0x0000000705000000| Untracked 
|  16|0x0000000705200000, 0x0000000705200000, 0x0000000705400000|  0%| F|  |TAMS 0x0000000705200000, 0x0000000705200000| Untracked 
|  17|0x0000000705400000, 0x0000000705400000, 0x0000000705600000|  0%| F|  |TAMS 0x0000000705400000, 0x0000000705400000| Untracked 
|  18|0x0000000705600000, 0x0000000705600000, 0x0000000705800000|  0%| F|  |TAMS 0x0000000705600000, 0x0000000705600000| Untracked 
|  19|0x0000000705800000, 0x0000000705800000, 0x0000000705a00000|  0%| F|  |TAMS 0x0000000705800000, 0x0000000705800000| Untracked 
|  20|0x0000000705a00000, 0x0000000705a00000, 0x0000000705c00000|  0%| F|  |TAMS 0x0000000705a00000, 0x0000000705a00000| Untracked 
|  21|0x0000000705c00000, 0x0000000705c00000, 0x0000000705e00000|  0%| F|  |TAMS 0x0000000705c00000, 0x0000000705c00000| Untracked 
|  22|0x0000000705e00000, 0x0000000705e00000, 0x0000000706000000|  0%| F|  |TAMS 0x0000000705e00000, 0x0000000705e00000| Untracked 
|  23|0x0000000706000000, 0x0000000706000000, 0x0000000706200000|  0%| F|  |TAMS 0x0000000706000000, 0x0000000706000000| Untracked 
|  24|0x0000000706200000, 0x0000000706200000, 0x0000000706400000|  0%| F|  |TAMS 0x0000000706200000, 0x0000000706200000| Untracked 
|  25|0x0000000706400000, 0x0000000706400000, 0x0000000706600000|  0%| F|  |TAMS 0x0000000706400000, 0x0000000706400000| Untracked 
|  26|0x0000000706600000, 0x0000000706600000, 0x0000000706800000|  0%| F|  |TAMS 0x0000000706600000, 0x0000000706600000| Untracked 
|  27|0x0000000706800000, 0x0000000706800000, 0x0000000706a00000|  0%| F|  |TAMS 0x0000000706800000, 0x0000000706800000| Untracked 
|  28|0x0000000706a00000, 0x0000000706a00000, 0x0000000706c00000|  0%| F|  |TAMS 0x0000000706a00000, 0x0000000706a00000| Untracked 
|  29|0x0000000706c00000, 0x0000000706c00000, 0x0000000706e00000|  0%| F|  |TAMS 0x0000000706c00000, 0x0000000706c00000| Untracked 
|  30|0x0000000706e00000, 0x0000000706e00000, 0x0000000707000000|  0%| F|  |TAMS 0x0000000706e00000, 0x0000000706e00000| Untracked 
|  31|0x0000000707000000, 0x0000000707000000, 0x0000000707200000|  0%| F|  |TAMS 0x0000000707000000, 0x0000000707000000| Untracked 
|  32|0x0000000707200000, 0x0000000707200000, 0x0000000707400000|  0%| F|  |TAMS 0x0000000707200000, 0x0000000707200000| Untracked 
|  33|0x0000000707400000, 0x0000000707400000, 0x0000000707600000|  0%| F|  |TAMS 0x0000000707400000, 0x0000000707400000| Untracked 
|  34|0x0000000707600000, 0x0000000707600000, 0x0000000707800000|  0%| F|  |TAMS 0x0000000707600000, 0x0000000707600000| Untracked 
|  35|0x0000000707800000, 0x0000000707800000, 0x0000000707a00000|  0%| F|  |TAMS 0x0000000707800000, 0x0000000707800000| Untracked 
|  36|0x0000000707a00000, 0x0000000707a00000, 0x0000000707c00000|  0%| F|  |TAMS 0x0000000707a00000, 0x0000000707a00000| Untracked 
|  37|0x0000000707c00000, 0x0000000707c00000, 0x0000000707e00000|  0%| F|  |TAMS 0x0000000707c00000, 0x0000000707c00000| Untracked 
|  38|0x0000000707e00000, 0x0000000707e00000, 0x0000000708000000|  0%| F|  |TAMS 0x0000000707e00000, 0x0000000707e00000| Untracked 
|  39|0x0000000708000000, 0x0000000708000000, 0x0000000708200000|  0%| F|  |TAMS 0x0000000708000000, 0x0000000708000000| Untracked 
|  40|0x0000000708200000, 0x0000000708200000, 0x0000000708400000|  0%| F|  |TAMS 0x0000000708200000, 0x0000000708200000| Untracked 
|  41|0x0000000708400000, 0x0000000708400000, 0x0000000708600000|  0%| F|  |TAMS 0x0000000708400000, 0x0000000708400000| Untracked 
|  42|0x0000000708600000, 0x0000000708600000, 0x0000000708800000|  0%| F|  |TAMS 0x0000000708600000, 0x0000000708600000| Untracked 
|  43|0x0000000708800000, 0x0000000708800000, 0x0000000708a00000|  0%| F|  |TAMS 0x0000000708800000, 0x0000000708800000| Untracked 
|  44|0x0000000708a00000, 0x0000000708a00000, 0x0000000708c00000|  0%| F|  |TAMS 0x0000000708a00000, 0x0000000708a00000| Untracked 
|  45|0x0000000708c00000, 0x0000000708c00000, 0x0000000708e00000|  0%| F|  |TAMS 0x0000000708c00000, 0x0000000708c00000| Untracked 
|  46|0x0000000708e00000, 0x0000000708e00000, 0x0000000709000000|  0%| F|  |TAMS 0x0000000708e00000, 0x0000000708e00000| Untracked 
|  47|0x0000000709000000, 0x0000000709000000, 0x0000000709200000|  0%| F|  |TAMS 0x0000000709000000, 0x0000000709000000| Untracked 
|  48|0x0000000709200000, 0x0000000709200000, 0x0000000709400000|  0%| F|  |TAMS 0x0000000709200000, 0x0000000709200000| Untracked 
|  49|0x0000000709400000, 0x0000000709400000, 0x0000000709600000|  0%| F|  |TAMS 0x0000000709400000, 0x0000000709400000| Untracked 
|  50|0x0000000709600000, 0x0000000709600000, 0x0000000709800000|  0%| F|  |TAMS 0x0000000709600000, 0x0000000709600000| Untracked 
|  51|0x0000000709800000, 0x0000000709800000, 0x0000000709a00000|  0%| F|  |TAMS 0x0000000709800000, 0x0000000709800000| Untracked 
|  52|0x0000000709a00000, 0x0000000709a00000, 0x0000000709c00000|  0%| F|  |TAMS 0x0000000709a00000, 0x0000000709a00000| Untracked 
|  53|0x0000000709c00000, 0x0000000709c00000, 0x0000000709e00000|  0%| F|  |TAMS 0x0000000709c00000, 0x0000000709c00000| Untracked 
|  54|0x0000000709e00000, 0x0000000709e00000, 0x000000070a000000|  0%| F|  |TAMS 0x0000000709e00000, 0x0000000709e00000| Untracked 
|  55|0x000000070a000000, 0x000000070a000000, 0x000000070a200000|  0%| F|  |TAMS 0x000000070a000000, 0x000000070a000000| Untracked 
|  56|0x000000070a200000, 0x000000070a200000, 0x000000070a400000|  0%| F|  |TAMS 0x000000070a200000, 0x000000070a200000| Untracked 
|  57|0x000000070a400000, 0x000000070a400000, 0x000000070a600000|  0%| F|  |TAMS 0x000000070a400000, 0x000000070a400000| Untracked 
|  58|0x000000070a600000, 0x000000070a600000, 0x000000070a800000|  0%| F|  |TAMS 0x000000070a600000, 0x000000070a600000| Untracked 
|  59|0x000000070a800000, 0x000000070a800000, 0x000000070aa00000|  0%| F|  |TAMS 0x000000070a800000, 0x000000070a800000| Untracked 
|  60|0x000000070aa00000, 0x000000070aa00000, 0x000000070ac00000|  0%| F|  |TAMS 0x000000070aa00000, 0x000000070aa00000| Untracked 
|  61|0x000000070ac00000, 0x000000070ac00000, 0x000000070ae00000|  0%| F|  |TAMS 0x000000070ac00000, 0x000000070ac00000| Untracked 
|  62|0x000000070ae00000, 0x000000070ae00000, 0x000000070b000000|  0%| F|  |TAMS 0x000000070ae00000, 0x000000070ae00000| Untracked 
|  63|0x000000070b000000, 0x000000070b000000, 0x000000070b200000|  0%| F|  |TAMS 0x000000070b000000, 0x000000070b000000| Untracked 
|  64|0x000000070b200000, 0x000000070b200000, 0x000000070b400000|  0%| F|  |TAMS 0x000000070b200000, 0x000000070b200000| Untracked 
|  65|0x000000070b400000, 0x000000070b400000, 0x000000070b600000|  0%| F|  |TAMS 0x000000070b400000, 0x000000070b400000| Untracked 
|  66|0x000000070b600000, 0x000000070b600000, 0x000000070b800000|  0%| F|  |TAMS 0x000000070b600000, 0x000000070b600000| Untracked 
|  67|0x000000070b800000, 0x000000070b800000, 0x000000070ba00000|  0%| F|  |TAMS 0x000000070b800000, 0x000000070b800000| Untracked 
|  68|0x000000070ba00000, 0x000000070ba00000, 0x000000070bc00000|  0%| F|  |TAMS 0x000000070ba00000, 0x000000070ba00000| Untracked 
|  69|0x000000070bc00000, 0x000000070bc00000, 0x000000070be00000|  0%| F|  |TAMS 0x000000070bc00000, 0x000000070bc00000| Untracked 
|  70|0x000000070be00000, 0x000000070be00000, 0x000000070c000000|  0%| F|  |TAMS 0x000000070be00000, 0x000000070be00000| Untracked 
|  71|0x000000070c000000, 0x000000070c000000, 0x000000070c200000|  0%| F|  |TAMS 0x000000070c000000, 0x000000070c000000| Untracked 
|  72|0x000000070c200000, 0x000000070c200000, 0x000000070c400000|  0%| F|  |TAMS 0x000000070c200000, 0x000000070c200000| Untracked 
|  73|0x000000070c400000, 0x000000070c400000, 0x000000070c600000|  0%| F|  |TAMS 0x000000070c400000, 0x000000070c400000| Untracked 
|  74|0x000000070c600000, 0x000000070c600000, 0x000000070c800000|  0%| F|  |TAMS 0x000000070c600000, 0x000000070c600000| Untracked 
|  75|0x000000070c800000, 0x000000070c800000, 0x000000070ca00000|  0%| F|  |TAMS 0x000000070c800000, 0x000000070c800000| Untracked 
|  76|0x000000070ca00000, 0x000000070ca00000, 0x000000070cc00000|  0%| F|  |TAMS 0x000000070ca00000, 0x000000070ca00000| Untracked 
|  77|0x000000070cc00000, 0x000000070cc00000, 0x000000070ce00000|  0%| F|  |TAMS 0x000000070cc00000, 0x000000070cc00000| Untracked 
|  78|0x000000070ce00000, 0x000000070ce00000, 0x000000070d000000|  0%| F|  |TAMS 0x000000070ce00000, 0x000000070ce00000| Untracked 
|  79|0x000000070d000000, 0x000000070d000000, 0x000000070d200000|  0%| F|  |TAMS 0x000000070d000000, 0x000000070d000000| Untracked 
|  80|0x000000070d200000, 0x000000070d200000, 0x000000070d400000|  0%| F|  |TAMS 0x000000070d200000, 0x000000070d200000| Untracked 
|  81|0x000000070d400000, 0x000000070d400000, 0x000000070d600000|  0%| F|  |TAMS 0x000000070d400000, 0x000000070d400000| Untracked 
|  82|0x000000070d600000, 0x000000070d600000, 0x000000070d800000|  0%| F|  |TAMS 0x000000070d600000, 0x000000070d600000| Untracked 
|  83|0x000000070d800000, 0x000000070d800000, 0x000000070da00000|  0%| F|  |TAMS 0x000000070d800000, 0x000000070d800000| Untracked 
|  84|0x000000070da00000, 0x000000070da00000, 0x000000070dc00000|  0%| F|  |TAMS 0x000000070da00000, 0x000000070da00000| Untracked 
|  85|0x000000070dc00000, 0x000000070dc00000, 0x000000070de00000|  0%| F|  |TAMS 0x000000070dc00000, 0x000000070dc00000| Untracked 
|  86|0x000000070de00000, 0x000000070de00000, 0x000000070e000000|  0%| F|  |TAMS 0x000000070de00000, 0x000000070de00000| Untracked 
|  87|0x000000070e000000, 0x000000070e000000, 0x000000070e200000|  0%| F|  |TAMS 0x000000070e000000, 0x000000070e000000| Untracked 
|  88|0x000000070e200000, 0x000000070e200000, 0x000000070e400000|  0%| F|  |TAMS 0x000000070e200000, 0x000000070e200000| Untracked 
|  89|0x000000070e400000, 0x000000070e400000, 0x000000070e600000|  0%| F|  |TAMS 0x000000070e400000, 0x000000070e400000| Untracked 
|  90|0x000000070e600000, 0x000000070e600000, 0x000000070e800000|  0%| F|  |TAMS 0x000000070e600000, 0x000000070e600000| Untracked 
|  91|0x000000070e800000, 0x000000070e800000, 0x000000070ea00000|  0%| F|  |TAMS 0x000000070e800000, 0x000000070e800000| Untracked 
|  92|0x000000070ea00000, 0x000000070ea00000, 0x000000070ec00000|  0%| F|  |TAMS 0x000000070ea00000, 0x000000070ea00000| Untracked 
|  93|0x000000070ec00000, 0x000000070ec00000, 0x000000070ee00000|  0%| F|  |TAMS 0x000000070ec00000, 0x000000070ec00000| Untracked 
|  94|0x000000070ee00000, 0x000000070ee00000, 0x000000070f000000|  0%| F|  |TAMS 0x000000070ee00000, 0x000000070ee00000| Untracked 
|  95|0x000000070f000000, 0x000000070f000000, 0x000000070f200000|  0%| F|  |TAMS 0x000000070f000000, 0x000000070f000000| Untracked 
|  96|0x000000070f200000, 0x000000070f200000, 0x000000070f400000|  0%| F|  |TAMS 0x000000070f200000, 0x000000070f200000| Untracked 
|  97|0x000000070f400000, 0x000000070f400000, 0x000000070f600000|  0%| F|  |TAMS 0x000000070f400000, 0x000000070f400000| Untracked 
|  98|0x000000070f600000, 0x000000070f600000, 0x000000070f800000|  0%| F|  |TAMS 0x000000070f600000, 0x000000070f600000| Untracked 
|  99|0x000000070f800000, 0x000000070f800000, 0x000000070fa00000|  0%| F|  |TAMS 0x000000070f800000, 0x000000070f800000| Untracked 
| 100|0x000000070fa00000, 0x000000070fa00000, 0x000000070fc00000|  0%| F|  |TAMS 0x000000070fa00000, 0x000000070fa00000| Untracked 
| 101|0x000000070fc00000, 0x000000070fc00000, 0x000000070fe00000|  0%| F|  |TAMS 0x000000070fc00000, 0x000000070fc00000| Untracked 
| 102|0x000000070fe00000, 0x000000070fe00000, 0x0000000710000000|  0%| F|  |TAMS 0x000000070fe00000, 0x000000070fe00000| Untracked 
| 103|0x0000000710000000, 0x0000000710000000, 0x0000000710200000|  0%| F|  |TAMS 0x0000000710000000, 0x0000000710000000| Untracked 
| 104|0x0000000710200000, 0x0000000710200000, 0x0000000710400000|  0%| F|  |TAMS 0x0000000710200000, 0x0000000710200000| Untracked 
| 105|0x0000000710400000, 0x0000000710400000, 0x0000000710600000|  0%| F|  |TAMS 0x0000000710400000, 0x0000000710400000| Untracked 
| 106|0x0000000710600000, 0x0000000710600000, 0x0000000710800000|  0%| F|  |TAMS 0x0000000710600000, 0x0000000710600000| Untracked 
| 107|0x0000000710800000, 0x0000000710800000, 0x0000000710a00000|  0%| F|  |TAMS 0x0000000710800000, 0x0000000710800000| Untracked 
| 108|0x0000000710a00000, 0x0000000710a00000, 0x0000000710c00000|  0%| F|  |TAMS 0x0000000710a00000, 0x0000000710a00000| Untracked 
| 109|0x0000000710c00000, 0x0000000710c00000, 0x0000000710e00000|  0%| F|  |TAMS 0x0000000710c00000, 0x0000000710c00000| Untracked 
| 110|0x0000000710e00000, 0x0000000710e00000, 0x0000000711000000|  0%| F|  |TAMS 0x0000000710e00000, 0x0000000710e00000| Untracked 
| 111|0x0000000711000000, 0x0000000711000000, 0x0000000711200000|  0%| F|  |TAMS 0x0000000711000000, 0x0000000711000000| Untracked 
| 112|0x0000000711200000, 0x0000000711200000, 0x0000000711400000|  0%| F|  |TAMS 0x0000000711200000, 0x0000000711200000| Untracked 
| 113|0x0000000711400000, 0x0000000711400000, 0x0000000711600000|  0%| F|  |TAMS 0x0000000711400000, 0x0000000711400000| Untracked 
| 114|0x0000000711600000, 0x0000000711600000, 0x0000000711800000|  0%| F|  |TAMS 0x0000000711600000, 0x0000000711600000| Untracked 
| 115|0x0000000711800000, 0x0000000711800000, 0x0000000711a00000|  0%| F|  |TAMS 0x0000000711800000, 0x0000000711800000| Untracked 
| 116|0x0000000711a00000, 0x0000000711a00000, 0x0000000711c00000|  0%| F|  |TAMS 0x0000000711a00000, 0x0000000711a00000| Untracked 
| 117|0x0000000711c00000, 0x0000000711c00000, 0x0000000711e00000|  0%| F|  |TAMS 0x0000000711c00000, 0x0000000711c00000| Untracked 
| 118|0x0000000711e00000, 0x0000000711e00000, 0x0000000712000000|  0%| F|  |TAMS 0x0000000711e00000, 0x0000000711e00000| Untracked 
| 119|0x0000000712000000, 0x0000000712000000, 0x0000000712200000|  0%| F|  |TAMS 0x0000000712000000, 0x0000000712000000| Untracked 
| 120|0x0000000712200000, 0x0000000712200000, 0x0000000712400000|  0%| F|  |TAMS 0x0000000712200000, 0x0000000712200000| Untracked 
| 121|0x0000000712400000, 0x0000000712400000, 0x0000000712600000|  0%| F|  |TAMS 0x0000000712400000, 0x0000000712400000| Untracked 
| 122|0x0000000712600000, 0x0000000712600000, 0x0000000712800000|  0%| F|  |TAMS 0x0000000712600000, 0x0000000712600000| Untracked 
| 123|0x0000000712800000, 0x0000000712800000, 0x0000000712a00000|  0%| F|  |TAMS 0x0000000712800000, 0x0000000712800000| Untracked 
| 124|0x0000000712a00000, 0x0000000712a00000, 0x0000000712c00000|  0%| F|  |TAMS 0x0000000712a00000, 0x0000000712a00000| Untracked 
| 125|0x0000000712c00000, 0x0000000712e00000, 0x0000000712e00000|100%| E|  |TAMS 0x0000000712c00000, 0x0000000712c00000| Complete 
| 126|0x0000000712e00000, 0x0000000713000000, 0x0000000713000000|100%| E|CS|TAMS 0x0000000712e00000, 0x0000000712e00000| Complete 

Card table byte_map: [0x000001f579280000,0x000001f579a70000] _byte_map_base: 0x000001f575a67000

Marking Bits (Prev, Next): (CMBitMap*) 0x000001f57103f400, (CMBitMap*) 0x000001f57103f440
 Prev Bits: [0x000001f57a260000, 0x000001f57e198000)
 Next Bits: [0x000001f50f000000, 0x000001f512f38000)

Polling page: 0x000001f5707d0000

Metaspace:

Usage:
  Non-class:    928.43 KB used.
      Class:     78.70 KB used.
       Both:   1007.13 KB used.

Virtual space:
  Non-class space:        8.00 MB reserved,       1.00 MB ( 12%) committed,  1 nodes.
      Class space:        1.00 GB reserved,     128.00 KB ( <1%) committed,  1 nodes.
              Both:        1.01 GB reserved,       1.12 MB ( <1%) committed. 

Chunk freelists:
   Non-Class:  3.85 MB
       Class:  3.72 MB
        Both:  7.56 MB

MaxMetaspaceSize: 17179869184.00 GB
CompressedClassSpaceSize: 1.00 GB
 - commit_granule_bytes: 65536.
 - commit_granule_words: 8192.
 - virtual_space_node_default_size: 1048576.
 - enlarge_chunks_in_place: 1.
 - new_chunks_are_fully_committed: 0.
 - uncommit_free_chunks: 1.
 - use_allocation_guard: 0.
 - handle_deallocations: 1.


Internal statistics:

num_allocs_failed_limit: 0.
num_arena_births: 12.
num_arena_deaths: 0.
num_vsnodes_births: 2.
num_vsnodes_deaths: 0.
num_space_committed: 18.
num_space_uncommitted: 0.
num_chunks_returned_to_freelist: 0.
num_chunks_taken_from_freelist: 28.
num_chunk_merges: 0.
num_chunk_splits: 15.
num_chunks_enlarged: 9.
num_purges: 0.

CodeHeap 'non-profiled nmethods': size=120000Kb used=79Kb max_used=79Kb free=119920Kb
 bounds [0x000001f507ad0000, 0x000001f507d40000, 0x000001f50f000000]
CodeHeap 'profiled nmethods': size=120000Kb used=337Kb max_used=337Kb free=119662Kb
 bounds [0x000001f5005a0000, 0x000001f500810000, 0x000001f507ad0000]
CodeHeap 'non-nmethods': size=5760Kb used=1137Kb max_used=1151Kb free=4623Kb
 bounds [0x000001f500000000, 0x000001f500270000, 0x000001f5005a0000]
 total_blobs=694 nmethods=279 adapters=328
 compilation: enabled
              stopped_count=0, restarted_count=0
 full_count=0

Compilation events (20 events):
Event: 0.241 Thread 0x000001f57ebff010  269       3       java.util.Objects::checkIndex (7 bytes)
Event: 0.241 Thread 0x000001f57ebff010 nmethod 269 0x000001f5005f1310 code [0x000001f5005f14c0, 0x000001f5005f16c8]
Event: 0.246 Thread 0x000001f57ebff010  271       3       java.util.jar.JarFile::getJarEntry (9 bytes)
Event: 0.246 Thread 0x000001f57ebff010 nmethod 271 0x000001f5005f1810 code [0x000001f5005f1a00, 0x000001f5005f1ef8]
Event: 0.246 Thread 0x000001f57ebff010  272       3       java.util.jar.JarFile::getEntry (35 bytes)
Event: 0.247 Thread 0x000001f57ebff010 nmethod 272 0x000001f5005f2090 code [0x000001f5005f2280, 0x000001f5005f2718]
Event: 0.247 Thread 0x000001f57ebff010  273       1       java.net.URL::getHost (5 bytes)
Event: 0.247 Thread 0x000001f57ebff010 nmethod 273 0x000001f507ae3690 code [0x000001f507ae3820, 0x000001f507ae38f8]
Event: 0.256 Thread 0x000001f57ebff010  274       3       java.lang.invoke.MethodType::parameterCount (6 bytes)
Event: 0.256 Thread 0x000001f57ebff010 nmethod 274 0x000001f5005f2890 code [0x000001f5005f2a20, 0x000001f5005f2b38]
Event: 0.256 Thread 0x000001f57ebff010  276       3       java.lang.invoke.MethodType::parameterType (7 bytes)
Event: 0.256 Thread 0x000001f57ebff010 nmethod 276 0x000001f5005f2c10 code [0x000001f5005f2da0, 0x000001f5005f2ed8]
Event: 0.256 Thread 0x000001f57ebff010  277       3       jdk.internal.org.objectweb.asm.Symbol::<init> (38 bytes)
Event: 0.257 Thread 0x000001f57ebff010 nmethod 277 0x000001f5005f2f90 code [0x000001f5005f3140, 0x000001f5005f33f8]
Event: 0.257 Thread 0x000001f57ebff010  278       3       java.lang.invoke.MethodType::checkSlotCount (33 bytes)
Event: 0.257 Thread 0x000001f57ebff010 nmethod 278 0x000001f5005f3510 code [0x000001f5005f3740, 0x000001f5005f3df8]
Event: 0.257 Thread 0x000001f57ebff010  275       1       java.lang.invoke.MethodHandle::type (5 bytes)
Event: 0.257 Thread 0x000001f57ebff010 nmethod 275 0x000001f507ae3990 code [0x000001f507ae3b20, 0x000001f507ae3bf8]
Event: 0.257 Thread 0x000001f57ebff010  279       3       java.lang.StringConcatHelper::stringOf (20 bytes)
Event: 0.257 Thread 0x000001f57ebff010 nmethod 279 0x000001f5005f4090 code [0x000001f5005f4240, 0x000001f5005f4488]

GC Heap History (0 events):
No events

Deoptimization events (4 events):
Event: 0.223 Thread 0x000001f570feeea0 Uncommon trap: trap_request=0xffffff45 fr.pc=0x000001f507adf328 relative=0x0000000000000088
Event: 0.223 Thread 0x000001f570feeea0 Uncommon trap: reason=unstable_if action=reinterpret pc=0x000001f507adf328 method=java.lang.String.charAt(I)C @ 4 c2
Event: 0.223 Thread 0x000001f570feeea0 DEOPT PACKING pc=0x000001f507adf328 sp=0x0000009263ffd600
Event: 0.223 Thread 0x000001f570feeea0 DEOPT UNPACKING pc=0x000001f50004d72e sp=0x0000009263ffd5a0 mode 2

Classes unloaded (0 events):
No events

Classes redefined (0 events):
No events

Internal exceptions (7 events):
Event: 0.208 Thread 0x000001f57fa572f0 Exception <a 'java/lang/NoSuchMethodError'{0x0000000712ceaf88}: 'java.lang.Object java.lang.invoke.DirectMethodHandle$Holder.invokeStatic(java.lang.Object)'> (0x0000000712ceaf88) 
thrown [t:\workspace\open\src\hotspot\share\interpreter\linkResolver.cpp, line 790]
Event: 0.209 Thread 0x000001f57fa572f0 Exception <a 'java/lang/NoSuchMethodError'{0x0000000712cee898}: 'java.lang.Object java.lang.invoke.DirectMethodHandle$Holder.invokeStaticInit(java.lang.Object)'> (0x0000000712cee898) 
thrown [t:\workspace\open\src\hotspot\share\interpreter\linkResolver.cpp, line 790]
Event: 0.219 Thread 0x000001f57fa572f0 Exception <a 'java/lang/NoSuchMethodError'{0x0000000712cfc438}: 'void java.lang.invoke.DirectMethodHandle$Holder.invokeStatic(java.lang.Object, java.lang.Object)'> (0x0000000712cfc438) 
thrown [t:\workspace\open\src\hotspot\share\interpreter\linkResolver.cpp, line 790]
Event: 0.224 Thread 0x000001f570feeea0 Exception <a 'java/io/FileNotFoundException'{0x0000000712cc2120}> (0x0000000712cc2120) 
thrown [t:\workspace\open\src\hotspot\share\prims\jni.cpp, line 579]
Event: 0.229 Thread 0x000001f570feeea0 Exception <a 'java/io/FileNotFoundException'{0x0000000712cd3e38}> (0x0000000712cd3e38) 
thrown [t:\workspace\open\src\hotspot\share\prims\jni.cpp, line 579]
Event: 0.231 Thread 0x000001f570feeea0 Exception <a 'java/io/FileNotFoundException'{0x0000000712d52f60}> (0x0000000712d52f60) 
thrown [t:\workspace\open\src\hotspot\share\prims\jni.cpp, line 579]
Event: 0.234 Thread 0x000001f570feeea0 Exception <a 'java/io/FileNotFoundException'{0x0000000712d64728}> (0x0000000712d64728) 
thrown [t:\workspace\open\src\hotspot\share\prims\jni.cpp, line 579]

Events (20 events):
Event: 0.224 loading class java/net/Socket$SocketInputStream done
Event: 0.224 loading class sun/nio/ch/NioSocketImpl$1
Event: 0.224 loading class sun/nio/ch/NioSocketImpl$1 done
Event: 0.225 loading class sun/nio/cs/StreamDecoder
Event: 0.225 loading class sun/nio/cs/StreamDecoder done
Event: 0.225 loading class sun/nio/cs/US_ASCII$Decoder
Event: 0.225 loading class sun/nio/cs/US_ASCII$Decoder done
Event: 0.225 loading class sun/nio/ch/Util
Event: 0.225 loading class sun/nio/ch/Util done
Event: 0.225 loading class sun/nio/ch/Util$1
Event: 0.226 loading class sun/nio/ch/Util$1 done
Event: 0.226 loading class sun/nio/ch/Util$BufferCache
Event: 0.226 loading class sun/nio/ch/Util$BufferCache done
Event: 0.226 loading class java/nio/DirectByteBuffer$Deallocator
Event: 0.226 loading class java/nio/DirectByteBuffer$Deallocator done
Event: 0.240 loading class java/lang/NumberFormatException
Event: 0.240 loading class java/lang/NumberFormatException done
Event: 0.241 loading class java/lang/IndexOutOfBoundsException
Event: 0.242 loading class java/lang/IndexOutOfBoundsException done
Event: 0.246 Thread 0x000001f57fa88e10 Thread added: 0x000001f57fa88e10


Dynamic libraries:
0x00007ff79c160000 - 0x00007ff79c170000 	C:\dev\Java\jdk-16\bin\java.exe
0x00007ff83ba90000 - 0x00007ff83bc86000 	C:\WINDOWS\SYSTEM32\ntdll.dll
0x00007ff839cb0000 - 0x00007ff839d6d000 	C:\WINDOWS\System32\KERNEL32.DLL
0x00007ff839410000 - 0x00007ff8396d9000 	C:\WINDOWS\System32\KERNELBASE.dll
0x00007ff8396e0000 - 0x00007ff8397e0000 	C:\WINDOWS\System32\ucrtbase.dll
0x00007ff829270000 - 0x00007ff829289000 	C:\dev\Java\jdk-16\bin\VCRUNTIME140.dll
0x00007ff829250000 - 0x00007ff829268000 	C:\dev\Java\jdk-16\bin\jli.dll
0x00007ff839d70000 - 0x00007ff839e1c000 	C:\WINDOWS\System32\ADVAPI32.dll
0x00007ff839af0000 - 0x00007ff839b8e000 	C:\WINDOWS\System32\msvcrt.dll
0x00007ff83af40000 - 0x00007ff83afdc000 	C:\WINDOWS\System32\sechost.dll
0x00007ff83b920000 - 0x00007ff83ba4b000 	C:\WINDOWS\System32\RPCRT4.dll
0x00007ff83acd0000 - 0x00007ff83ae70000 	C:\WINDOWS\System32\USER32.dll
0x00007ff8398b0000 - 0x00007ff8398d2000 	C:\WINDOWS\System32\win32u.dll
0x00007ff83ab20000 - 0x00007ff83ab4a000 	C:\WINDOWS\System32\GDI32.dll
0x00007ff8391d0000 - 0x00007ff8392db000 	C:\WINDOWS\System32\gdi32full.dll
0x00007ff839810000 - 0x00007ff8398ad000 	C:\WINDOWS\System32\msvcp_win.dll
0x00007ff820bb0000 - 0x00007ff820e4b000 	C:\WINDOWS\WinSxS\amd64_microsoft.windows.common-controls_6595b64144ccf1df_6.0.19041.746_none_ca02b4b61b8320a4\COMCTL32.dll
0x00007ff838d50000 - 0x00007ff838d5a000 	C:\WINDOWS\SYSTEM32\VERSION.dll
0x00007ff83b8f0000 - 0x00007ff83b920000 	C:\WINDOWS\System32\IMM32.DLL
0x00007ff833b80000 - 0x00007ff833b8c000 	C:\dev\Java\jdk-16\bin\vcruntime140_1.dll
0x00007ff824540000 - 0x00007ff8245d1000 	C:\dev\Java\jdk-16\bin\msvcp140.dll
0x00007fffd2200000 - 0x00007fffd2dab000 	C:\dev\Java\jdk-16\bin\server\jvm.dll
0x00007ff83ab10000 - 0x00007ff83ab18000 	C:\WINDOWS\System32\PSAPI.DLL
0x00007ff81cee0000 - 0x00007ff81cee9000 	C:\WINDOWS\SYSTEM32\WSOCK32.dll
0x00007ff83ae70000 - 0x00007ff83aedb000 	C:\WINDOWS\System32\WS2_32.dll
0x00007ff828060000 - 0x00007ff828087000 	C:\WINDOWS\SYSTEM32\WINMM.dll
0x00007ff8379e0000 - 0x00007ff8379f2000 	C:\WINDOWS\SYSTEM32\kernel.appcore.dll
0x00007ff8335b0000 - 0x00007ff8335ba000 	C:\dev\Java\jdk-16\bin\jimage.dll
0x00007ff821900000 - 0x00007ff821ae4000 	C:\WINDOWS\SYSTEM32\DBGHELP.DLL
0x00007ff8258c0000 - 0x00007ff8258ec000 	C:\WINDOWS\SYSTEM32\dbgcore.DLL
0x00007ff839390000 - 0x00007ff839410000 	C:\WINDOWS\System32\bcryptPrimitives.dll
0x00007ff8334b0000 - 0x00007ff8334be000 	C:\dev\Java\jdk-16\bin\instrument.dll
0x00007ff825ae0000 - 0x00007ff825b05000 	C:\dev\Java\jdk-16\bin\java.dll
0x00007ff83b190000 - 0x00007ff83b8d3000 	C:\WINDOWS\System32\SHELL32.dll
0x00007ff8370d0000 - 0x00007ff83785f000 	C:\WINDOWS\SYSTEM32\windows.storage.dll
0x00007ff83a630000 - 0x00007ff83a986000 	C:\WINDOWS\System32\combase.dll
0x00007ff838af0000 - 0x00007ff838b1c000 	C:\WINDOWS\SYSTEM32\Wldp.dll
0x00007ff83a030000 - 0x00007ff83a0de000 	C:\WINDOWS\System32\SHCORE.dll
0x00007ff83a5b0000 - 0x00007ff83a605000 	C:\WINDOWS\System32\shlwapi.dll
0x00007ff839100000 - 0x00007ff839126000 	C:\WINDOWS\SYSTEM32\profapi.dll
0x00007ff824d70000 - 0x00007ff824d88000 	C:\dev\Java\jdk-16\bin\zip.dll
0x00007ff825ac0000 - 0x00007ff825ad9000 	C:\dev\Java\jdk-16\bin\net.dll
0x00007ff831300000 - 0x00007ff831400000 	C:\WINDOWS\SYSTEM32\WINHTTP.dll
0x00007ff8388e0000 - 0x00007ff83894a000 	C:\WINDOWS\system32\mswsock.dll
0x00007ff825aa0000 - 0x00007ff825ab3000 	C:\dev\Java\jdk-16\bin\nio.dll
0x00007ff824d50000 - 0x00007ff824d6a000 	E:\program\JetBrains\IntelliJ IDEA 2021.1\bin\breakgen64.dll
0x00007ff833490000 - 0x00007ff8334a0000 	C:\dev\Java\jdk-16\bin\verify.dll
0x0000000180000000 - 0x0000000180025000 	C:\dev\Java\jdk-16\bin\rxtxSerial.dll

dbghelp: loaded successfully - version: 4.0.5 - missing functions: none
symbol engine: initialized successfully - sym options: 0x614 - pdb path: .;C:\dev\Java\jdk-16\bin;C:\WINDOWS\SYSTEM32;C:\WINDOWS\WinSxS\amd64_microsoft.windows.common-controls_6595b64144ccf1df_6.0.19041.746_none_ca02b4b61b8320a4;C:\dev\Java\jdk-16\bin\server;E:\program\JetBrains\IntelliJ IDEA 2021.1\bin

VM Arguments:
jvm_args: -javaagent:E:\program\JetBrains\IntelliJ IDEA 2021.1\lib\idea_rt.jar=5746:E:\program\JetBrains\IntelliJ IDEA 2021.1\bin -Dfile.encoding=UTF-8 
java_command: com.ljscode.main.Main
java_class_path (initial): E:\code\github\CGQ-project\out\production\java16window;E:\code\github\CGQ-project\lib\jfreechart\jcommon-1.0.23.jar;E:\code\github\CGQ-project\lib\jfreechart\jfreechart-1.0.19.jar;E:\code\github\CGQ-project\lib\usb4-javax\usb-api-1.0.2.jar;E:\code\github\CGQ-project\lib\usb4-javax\usb4java-javax-1.3.0.jar;E:\code\github\CGQ-project\lib\usb4java\commons-lang3-3.8.1.jar;E:\code\github\CGQ-project\lib\usb4java\usb4java-1.3.0.jar;E:\code\github\CGQ-project\lib\usb4java\libusb4java-1.3.0-win32-x86-64.jar;E:\code\github\CGQ-project\lib\usb4java\libusb4java-1.3.0-darwin-x86-64.jar;E:\code\github\CGQ-project\lib\usb4java\libusb4java-1.3.0-linux-x86-64.jar;E:\code\github\CGQ-project\lib\usb4java\libusb4java-1.3.0-linux-aarch64.jar;E:\code\github\CGQ-project\lib\rxtx\RXTXcomm.jar
Launcher Type: SUN_STANDARD

[Global flags]
     intx CICompilerCount                          = 4                                         {product} {ergonomic}
     uint ConcGCThreads                            = 2                                         {product} {ergonomic}
     uint G1ConcRefinementThreads                  = 8                                         {product} {ergonomic}
   size_t G1HeapRegionSize                         = 2097152                                   {product} {ergonomic}
    uintx GCDrainStackTargetSize                   = 64                                        {product} {ergonomic}
   size_t InitialHeapSize                          = 266338304                                 {product} {ergonomic}
   size_t MarkStackSize                            = 4194304                                   {product} {ergonomic}
   size_t MaxHeapSize                              = 4242538496                                {product} {ergonomic}
   size_t MaxNewSize                               = 2543845376                                {product} {ergonomic}
   size_t MinHeapDeltaBytes                        = 2097152                                   {product} {ergonomic}
   size_t MinHeapSize                              = 8388608                                   {product} {ergonomic}
    uintx NonNMethodCodeHeapSize                   = 5839372                                {pd product} {ergonomic}
    uintx NonProfiledCodeHeapSize                  = 122909434                              {pd product} {ergonomic}
    uintx ProfiledCodeHeapSize                     = 122909434                              {pd product} {ergonomic}
    uintx ReservedCodeCacheSize                    = 251658240                              {pd product} {ergonomic}
     bool SegmentedCodeCache                       = true                                      {product} {ergonomic}
   size_t SoftMaxHeapSize                          = 4242538496                             {manageable} {ergonomic}
     bool UseCompressedClassPointers               = true                           {product lp64_product} {ergonomic}
     bool UseCompressedOops                        = true                           {product lp64_product} {ergonomic}
     bool UseG1GC                                  = true                                      {product} {ergonomic}
     bool UseLargePagesIndividualAllocation        = false                                  {pd product} {ergonomic}

Logging:
Log output configuration:
 #0: stdout all=warning uptime,level,tags
 #1: stderr all=off uptime,level,tags

Environment Variables:
JAVA_HOME=C:\dev\Java\jdk-16
CLASSPATH=C:\dev\Java\jdk-16\bin
PATH=C:\Program Files\Common Files\Oracle\Java\javapath;E:\program\Oracle\db_home\bin;C:\Program Files (x86)\Common Files\Intel\Shared Libraries\redist\intel64\compiler;C:\Program Files\NVIDIA GPU Computing Toolkit\CUDA\v8.0\bin;C:\Program Files\NVIDIA GPU Computing Toolkit\CUDA\v8.0\libnvvp;E:\program\NetSarang\Xftp 6\;C:\Windows\system32;C:\Windows;C:\Windows\System32\Wbem;C:\Windows\System32\WindowsPowerShell\v1.0\;C:\Windows\System32\OpenSSH\;C:\dev\Python36;C:\dev\Python36\Scripts;C:\dev\Java\jdk-16\bin;C:\dev\MinGW\bin;C:\Program Files\Git\cmd;C:\Program Files\dotnet\;C:\Program Files\Microsoft SQL Server\130\Tools\Binn\;C:\dev\nodejs\;C:\dev\Vim\vim82;C:\Program Files (x86)\NVIDIA Corporation\PhysX\Common;C:\Program Files\Microsoft\Web Platform Installer\;C:\Program Files (x86)\Microsoft ASP.NET\ASP.NET Web Pages\v1.0\;C:\Program Files\Microsoft SQL Server\110\Tools\Binn\;C:\WINDOWS\system32;C:\WINDOWS;C:\WINDOWS\System32\Wbem;C:\WINDOWS\System32\WindowsPowerShell\v1.0\;C:\WINDOWS\System32\OpenSSH\;C:\Program Files (x86)\Microsoft SQL Server\100\Tools\Binn\;C:\Program Files\Microsoft SQL Server\100\Tools\Binn\;C:\Program Files\Microsoft SQL Server\100\DTS\Binn\;E:\program\TortoiseGit\bin;C:\dev\Python39;C:\dev\Python39\Scripts;C:\dev\Redis;C:\dev\Neovim\bin;C:\dev\Python27;C:\dev\Python27\Scripts;C:\Program Files\NVIDIA Corporation\NVIDIA NvDLISR;E:\program\CMake\bin;C:\Program Files\Common Files\Autodesk Shared\;C:\Program Files\Microsoft SQL Server\120\Tools\Binn\;C:\WINDOWS\system32;C:\WINDOWS;C:\WINDOWS\System32\Wbem;C:\WINDOWS\System32\WindowsPowerShell\v1.0\;C:\WINDOWS\System32\OpenSSH\;C:\dev\spring-cli\bin;C:\dev\apache-maven\apache-maven\src\bin;C:\Users\LiuJingShi\scoop\shims;C:\Users\LiuJingShi\AppData\Local\Microsoft\WindowsApps;C:\Users\LiuJingShi\AppData\Roaming\npm;E:\program\JetBrains\PyCharm 2020.1.3\bin;;C:\Users\LiuJingShi\AppData\Local\GitHubDesktop\bin;E:\program\JetBrains\IntelliJ IDEA Community Edition 2020.3.3\bin;;E:\program\JetBrains\In
USERNAME=LiuJingShi
LANG=zh_CN
OS=Windows_NT
PROCESSOR_IDENTIFIER=Intel64 Family 6 Model 94 Stepping 3, GenuineIntel



---------------  S Y S T E M  ---------------

OS:
 Windows 10 , 64 bit Build 19041 (10.0.19041.662)
OS uptime: 0 days 1:43 hours
Hyper-V role detected

CPU: total 8 (initial active 8) (4 cores per cpu, 2 threads per core) family 6 model 94 stepping 3 microcode 0xcc, cx8, cmov, fxsr, ht, mmx, 3dnowpref, sse, sse2, sse3, ssse3, sse4.1, sse4.2, popcnt, lzcnt, tsc, tscinvbit, avx, avx2, aes, erms, clmul, bmi1, bmi2, rtm, adx, fma, vzeroupper, clflush, clflushopt, hv

Memory: 4k page, system-wide physical 16178M (8138M free)
TotalPageFile size 24370M (AvailPageFile size 8986M)
current process WorkingSet (physical memory assigned to process): 37M, peak: 37M
current process commit charge ("private bytes"): 343M, peak: 343M

vm_info: Java HotSpot(TM) 64-Bit Server VM (16+36-2231) for windows-amd64 JRE (16+36-2231), built on Feb  8 2021 11:43:10 by "mach5one" with MS VC++ 16.7 (VS2019)

END.
