#
# A fatal error has been detected by the Java Runtime Environment:
#
#  SIGSEGV (0xb) at pc=0x00007f646f3ef5da, pid=51350, tid=51351
#
# JRE version: Java(TM) SE Runtime Environment (16.0.1+9) (build 16.0.1+9-24)
# Java VM: Java HotSpot(TM) 64-Bit Server VM (16.0.1+9-24, mixed mode, sharing, tiered, compressed oops, compressed class ptrs, g1 gc, linux-amd64)
# Problematic frame:
# C  [librxtxSerial.so+0x75da]  Java_gnu_io_RXTXPort_nativeDrain+0xea
#
# Core dump will be written. Default location: Core dumps may be processed with "/usr/share/apport/apport %p %s %c %d %P %E" (or dumping to /home/liujingshi/code/github/repository/CGQ-project/core.51350)
#
# If you would like to submit a bug report, please visit:
#   https://bugreport.java.com/bugreport/crash.jsp
# The crash happened outside the Java Virtual Machine in native code.
# See problematic frame for where to report the bug.
#

---------------  S U M M A R Y ------------

Command Line: -javaagent:/home/liujingshi/programs/idea-IU-211.7142.45/lib/idea_rt.jar=42859:/home/liujingshi/programs/idea-IU-211.7142.45/bin -Dfile.encoding=UTF-8 com.ljscode.main.Main

Host: Intel(R) Core(TM) i7-6700HQ CPU @ 2.60GHz, 8 cores, 15G, Ubuntu 20.04.2 LTS
Time: Fri May 21 18:00:50 2021 CST elapsed time: 0.224611 seconds (0d 0h 0m 0s)

---------------  T H R E A D  ---------------

Current thread (0x00007f64b00241c0):  JavaThread "main" [_thread_in_native, id=51351, stack(0x00007f64b4850000,0x00007f64b4951000)]

Stack: [0x00007f64b4850000,0x00007f64b4951000],  sp=0x00007f64b494f560,  free space=1021k
Native frames: (J=compiled Java code, A=aot compiled Java code, j=interpreted, Vv=VM code, C=native code)
C  [librxtxSerial.so+0x75da]  Java_gnu_io_RXTXPort_nativeDrain+0xea

Java frames: (J=compiled Java code, j=interpreted, Vv=VM code)
j  gnu.io.RXTXPort.nativeDrain(Z)Z+0
j  gnu.io.RXTXPort$SerialOutputStream.flush()V+92
j  com.ljscode.base.BaseUSBListener.sendDataToComPort(Lgnu/io/SerialPort;[B)V+17
j  com.ljscode.main.Main.main([Ljava/lang/String;)V+24
v  ~StubRoutines::call_stub

siginfo: si_signo: 11 (SIGSEGV), si_code: 1 (SEGV_MAPERR), si_addr: 0x000000006f3e67ac

Register to memory mapping:

RAX=0x000000000000001c is an unknown value
RBX=0x00007f64b494f730 is pointing into the stack for thread: 0x00007f64b00241c0
RCX=0x0 is NULL
RDX=0x0 is NULL
RSP=0x00007f64b494f560 is pointing into the stack for thread: 0x00007f64b00241c0
RBP=0x0 is NULL
RSI=0x00007f646f3f1e94: <offset 0x0000000000009e94> in /usr/lib64/librxtxSerial.so at 0x00007f646f3e8000
RDI=0x00007f64b494f730 is pointing into the stack for thread: 0x00007f64b00241c0
R8 =0x0 is NULL
R9 =0x000000000000001c is an unknown value
R10=0x00007f646f3f1e93: <offset 0x0000000000009e93> in /usr/lib64/librxtxSerial.so at 0x00007f646f3e8000
R11=0x00007f64b494f2f7 is pointing into the stack for thread: 0x00007f64b00241c0
R12=0x0 is NULL
R13=0x00007f64b00244d0 points into unknown readable memory: 0x00007f64b5c660a0 | a0 60 c6 b5 64 7f 00 00
R14=0x000000006f3e67a0 is an unknown value
R15=0x0000000000000011 is an unknown value


Registers:
RAX=0x000000000000001c, RBX=0x00007f64b494f730, RCX=0x0000000000000000, RDX=0x0000000000000000
RSP=0x00007f64b494f560, RBP=0x0000000000000000, RSI=0x00007f646f3f1e94, RDI=0x00007f64b494f730
R8 =0x0000000000000000, R9 =0x000000000000001c, R10=0x00007f646f3f1e93, R11=0x00007f64b494f2f7
R12=0x0000000000000000, R13=0x00007f64b00244d0, R14=0x000000006f3e67a0, R15=0x0000000000000011
RIP=0x00007f646f3ef5da, EFLAGS=0x0000000000010206, CSGSFS=0x002b000000000033, ERR=0x0000000000000004
  TRAPNO=0x000000000000000e

Top of Stack: (sp=0x00007f64b494f560)
0x00007f64b494f560:   0000000100000002 00007f64b494f848
0x00007f64b494f570:   00007f64b0024d90 0000000200000000
0x00007f64b494f580:   00007f6400000008 0000000000000000
0x00007f64b494f590:   00007f64b592a468 0000000000000000 

Instructions: (pc=0x00007f646f3ef5da)
0x00007f646f3ef4da:   29 da 5b 89 d6 e9 ac bf ff ff 66 0f 1f 44 00 00
0x00007f646f3ef4ea:   66 0f 1f 44 00 00 48 89 5c 24 d0 4c 89 6c 24 e8
0x00007f646f3ef4fa:   48 8d 0d 26 26 00 00 4c 89 74 24 f0 4c 89 7c 24
0x00007f646f3ef50a:   f8 49 89 fd 48 89 6c 24 d8 4c 89 64 24 e0 48 81
0x00007f646f3ef51a:   ec 58 02 00 00 88 54 24 07 48 8d 15 fa 25 00 00
0x00007f646f3ef52a:   48 89 74 24 08 31 db e8 ea bf ff ff 48 8b 74 24
0x00007f646f3ef53a:   08 48 8d 0d 5a 25 00 00 48 8d 15 55 25 00 00 4c
0x00007f646f3ef54a:   89 ef 41 89 c7 e8 cc bf ff ff 49 89 c6 48 8d 3d
0x00007f646f3ef55a:   fc 28 00 00 e8 6d c1 ff ff 44 89 ff e8 35 c0 ff
0x00007f646f3ef56a:   ff 85 c0 89 c5 0f 84 e9 00 00 00 e8 e6 c1 ff ff
0x00007f646f3ef57a:   83 c3 01 83 38 04 49 89 c4 0f 84 c7 00 00 00 48
0x00007f646f3ef58a:   8d 9c 24 d0 01 00 00 48 8d 35 df 28 00 00 89 ea
0x00007f646f3ef59a:   31 c0 48 89 df e8 6c c0 ff ff 48 89 df e8 24 c1
0x00007f646f3ef5aa:   ff ff 41 8b 3c 24 e8 bb c0 ff ff 48 8d 15 d9 28
0x00007f646f3ef5ba:   00 00 48 8d 35 7f 25 00 00 48 89 c1 4c 89 ef e8
0x00007f646f3ef5ca:   a2 c2 ff ff 80 7c 24 07 00 75 3b 4d 85 f6 74 36
0x00007f646f3ef5da:   45 8b 7e 0c 45 85 ff 74 2d 48 8d 5c 24 10 48 8d
0x00007f646f3ef5ea:   54 24 08 4c 89 ee 4c 89 f1 48 89 df e8 a5 c3 ff
0x00007f646f3ef5fa:   ff ba 01 00 00 00 be 02 00 00 00 48 89 df e8 e3
0x00007f646f3ef60a:   be ff ff 0f 1f 00 48 8b 9c 24 28 02 00 00 48 8b
0x00007f646f3ef61a:   ac 24 30 02 00 00 31 c0 4c 8b a4 24 38 02 00 00
0x00007f646f3ef62a:   4c 8b ac 24 40 02 00 00 4c 8b b4 24 48 02 00 00
0x00007f646f3ef63a:   4c 8b bc 24 50 02 00 00 48 81 c4 58 02 00 00 c3
0x00007f646f3ef64a:   66 0f 1f 44 00 00 83 fb 02 0f 8f 30 ff ff ff e9
0x00007f646f3ef65a:   f9 fe ff ff 48 8d 9c 24 d0 01 00 00 48 8d 35 0a
0x00007f646f3ef66a:   28 00 00 31 d2 31 c0 48 89 df e8 97 bf ff ff 48
0x00007f646f3ef67a:   89 df e8 4f c0 ff ff e9 48 ff ff ff 66 2e 0f 1f
0x00007f646f3ef68a:   84 00 00 00 00 00 48 83 ec 08 8b 0e 81 e1 ff fc
0x00007f646f3ef69a:   ff bf 83 fa 04 89 0e 77 12 89 d0 48 8d 15 08 3a
0x00007f646f3ef6aa:   00 00 48 63 04 82 48 01 d0 ff e0 48 8d 3d e5 27
0x00007f646f3ef6ba:   00 00 89 d6 31 c0 e8 cb bc ff ff b8 01 00 00 00
0x00007f646f3ef6ca:   48 83 c4 08 c3 81 c9 00 01 00 40 89 0e 31 c0 48 


Stack slot to memory mapping:
stack at sp + 0 slots: 0x0000000100000002 is an unknown value
stack at sp + 1 slots: 0x00007f64b494f848 is pointing into the stack for thread: 0x00007f64b00241c0
stack at sp + 2 slots: 0x00007f64b0024d90 points into unknown readable memory: 0x00007f64b5bbf488 | 88 f4 bb b5 64 7f 00 00
stack at sp + 3 slots: 0x0000000200000000 is an unknown value
stack at sp + 4 slots: 0x00007f6400000008 is an unknown value
stack at sp + 5 slots: 0x0 is NULL
stack at sp + 6 slots: 0x00007f64b592a468: <offset 0x0000000000e8a468> in /usr/lib/jvm/jdk-16.0.1/lib/server/libjvm.so at 0x00007f64b4aa0000
stack at sp + 7 slots: 0x0 is NULL


---------------  P R O C E S S  ---------------

Threads class SMR info:
_java_thread_list=0x00007f64b029eb40, length=13, elements={
0x00007f64b00241c0, 0x00007f64b01745c0, 0x00007f64b0175b40, 0x00007f64b017a400,
0x00007f64b017b950, 0x00007f64b017ce70, 0x00007f64b017e950, 0x00007f64b017ffb0,
0x00007f64b0189540, 0x00007f64b01a60b0, 0x00007f64b0280420, 0x00007f64b0281ec0,
0x00007f64b02960c0
}

Java Threads: ( => current thread )
=>0x00007f64b00241c0 JavaThread "main" [_thread_in_native, id=51351, stack(0x00007f64b4850000,0x00007f64b4951000)]
  0x00007f64b01745c0 JavaThread "Reference Handler" daemon [_thread_blocked, id=51363, stack(0x00007f64889fd000,0x00007f6488afe000)]
  0x00007f64b0175b40 JavaThread "Finalizer" daemon [_thread_blocked, id=51364, stack(0x00007f64888fc000,0x00007f64889fd000)]
  0x00007f64b017a400 JavaThread "Signal Dispatcher" daemon [_thread_blocked, id=51367, stack(0x00007f646feff000,0x00007f6470000000)]
  0x00007f64b017b950 JavaThread "Service Thread" daemon [_thread_blocked, id=51369, stack(0x00007f646fdfe000,0x00007f646feff000)]
  0x00007f64b017ce70 JavaThread "Monitor Deflation Thread" daemon [_thread_blocked, id=51370, stack(0x00007f646fcfd000,0x00007f646fdfe000)]
  0x00007f64b017e950 JavaThread "C2 CompilerThread0" daemon [_thread_blocked, id=51371, stack(0x00007f646fbfc000,0x00007f646fcfd000)]
  0x00007f64b017ffb0 JavaThread "C1 CompilerThread0" daemon [_thread_blocked, id=51372, stack(0x00007f646fafb000,0x00007f646fbfc000)]
  0x00007f64b0189540 JavaThread "Sweeper thread" daemon [_thread_blocked, id=51373, stack(0x00007f646f9fa000,0x00007f646fafb000)]
  0x00007f64b01a60b0 JavaThread "Common-Cleaner" daemon [_thread_blocked, id=51383, stack(0x00007f646f8f9000,0x00007f646f9fa000)]
  0x00007f64b0280420 JavaThread "Monitor Ctrl-Break" daemon [_thread_in_native, id=51386, stack(0x00007f646f7f8000,0x00007f646f8f9000)]
  0x00007f64b0281ec0 JavaThread "Notification Thread" daemon [_thread_blocked, id=51387, stack(0x00007f646f6f7000,0x00007f646f7f8000)]
  0x00007f64b02960c0 JavaThread "Thread-0" [_thread_in_native, id=51390, stack(0x00007f646f2e7000,0x00007f646f3e8000)]

Other Threads:
  0x00007f64b0171ed0 VMThread "VM Thread" [stack: 0x00007f6488b00000,0x00007f6488c00000] [id=51362]
  0x00007f64b02841a0 WatcherThread [stack: 0x00007f646f5f7000,0x00007f646f6f7000] [id=51388]
  0x00007f64b0073030 GCTaskThread "GC Thread#0" [stack: 0x00007f6490132000,0x00007f6490232000] [id=51352]
  0x00007f64b0083ea0 ConcurrentGCThread "G1 Main Marker" [stack: 0x00007f6490030000,0x00007f6490130000] [id=51353]
  0x00007f64b0084f30 ConcurrentGCThread "G1 Conc#0" [stack: 0x00007f648bf00000,0x00007f648c000000] [id=51354]
  0x00007f64b0139970 ConcurrentGCThread "G1 Refine#0" [stack: 0x00007f64895f6000,0x00007f64896f6000] [id=51355]
  0x00007f64b013a990 ConcurrentGCThread "G1 Service" [stack: 0x00007f64894f4000,0x00007f64895f4000] [id=51356]

Threads with active compile tasks:

VM state: not at safepoint (normal execution)

VM Mutex/Monitor currently owned by a thread: None

Heap address: 0x0000000709000000, size: 3952 MB, Compressed Oops mode: Zero based, Oop shift amount: 3

CDS archive(s) mapped at: [0x0000000800000000-0x0000000800bc3000-0x0000000800bc3000), size 12333056, SharedBaseAddress: 0x0000000800000000, ArchiveRelocationMode: 0.
Compressed class space mapped at: 0x0000000800c00000-0x0000000840c00000, reserved size: 1073741824
Narrow klass base: 0x0000000800000000, Narrow klass shift: 3, Narrow klass range: 0x100000000

GC Precious Log:
 CPUs: 8 total, 8 available
 Memory: 15806M
 Large Page Support: Disabled
 NUMA Support: Disabled
 Compressed Oops: Enabled (Zero based)
 Heap Region Size: 2M
 Heap Min Capacity: 8M
 Heap Initial Capacity: 248M
 Heap Max Capacity: 3952M
 Pre-touch: Disabled
 Parallel Workers: 8
 Concurrent Workers: 2
 Concurrent Refinement Workers: 8
 Periodic GC: Disabled

Heap:
 garbage-first heap   total 258048K, used 4056K [0x0000000709000000, 0x0000000800000000)
  region size 2048K, 2 young (4096K), 0 survivors (0K)
 Metaspace       used 963K, committed 1088K, reserved 1056768K
  class space    used 74K, committed 128K, reserved 1048576K

Heap Regions: E=young(eden), S=young(survivor), O=old, HS=humongous(starts), HC=humongous(continues), CS=collection set, F=free, OA=open archive, CA=closed archive, TAMS=top-at-mark-start (previous, next)
|   0|0x0000000709000000, 0x0000000709000000, 0x0000000709200000|  0%| F|  |TAMS 0x0000000709000000, 0x0000000709000000| Untracked 
|   1|0x0000000709200000, 0x0000000709200000, 0x0000000709400000|  0%| F|  |TAMS 0x0000000709200000, 0x0000000709200000| Untracked 
|   2|0x0000000709400000, 0x0000000709400000, 0x0000000709600000|  0%| F|  |TAMS 0x0000000709400000, 0x0000000709400000| Untracked 
|   3|0x0000000709600000, 0x0000000709600000, 0x0000000709800000|  0%| F|  |TAMS 0x0000000709600000, 0x0000000709600000| Untracked 
|   4|0x0000000709800000, 0x0000000709800000, 0x0000000709a00000|  0%| F|  |TAMS 0x0000000709800000, 0x0000000709800000| Untracked 
|   5|0x0000000709a00000, 0x0000000709a00000, 0x0000000709c00000|  0%| F|  |TAMS 0x0000000709a00000, 0x0000000709a00000| Untracked 
|   6|0x0000000709c00000, 0x0000000709c00000, 0x0000000709e00000|  0%| F|  |TAMS 0x0000000709c00000, 0x0000000709c00000| Untracked 
|   7|0x0000000709e00000, 0x0000000709e00000, 0x000000070a000000|  0%| F|  |TAMS 0x0000000709e00000, 0x0000000709e00000| Untracked 
|   8|0x000000070a000000, 0x000000070a000000, 0x000000070a200000|  0%| F|  |TAMS 0x000000070a000000, 0x000000070a000000| Untracked 
|   9|0x000000070a200000, 0x000000070a200000, 0x000000070a400000|  0%| F|  |TAMS 0x000000070a200000, 0x000000070a200000| Untracked 
|  10|0x000000070a400000, 0x000000070a400000, 0x000000070a600000|  0%| F|  |TAMS 0x000000070a400000, 0x000000070a400000| Untracked 
|  11|0x000000070a600000, 0x000000070a600000, 0x000000070a800000|  0%| F|  |TAMS 0x000000070a600000, 0x000000070a600000| Untracked 
|  12|0x000000070a800000, 0x000000070a800000, 0x000000070aa00000|  0%| F|  |TAMS 0x000000070a800000, 0x000000070a800000| Untracked 
|  13|0x000000070aa00000, 0x000000070aa00000, 0x000000070ac00000|  0%| F|  |TAMS 0x000000070aa00000, 0x000000070aa00000| Untracked 
|  14|0x000000070ac00000, 0x000000070ac00000, 0x000000070ae00000|  0%| F|  |TAMS 0x000000070ac00000, 0x000000070ac00000| Untracked 
|  15|0x000000070ae00000, 0x000000070ae00000, 0x000000070b000000|  0%| F|  |TAMS 0x000000070ae00000, 0x000000070ae00000| Untracked 
|  16|0x000000070b000000, 0x000000070b000000, 0x000000070b200000|  0%| F|  |TAMS 0x000000070b000000, 0x000000070b000000| Untracked 
|  17|0x000000070b200000, 0x000000070b200000, 0x000000070b400000|  0%| F|  |TAMS 0x000000070b200000, 0x000000070b200000| Untracked 
|  18|0x000000070b400000, 0x000000070b400000, 0x000000070b600000|  0%| F|  |TAMS 0x000000070b400000, 0x000000070b400000| Untracked 
|  19|0x000000070b600000, 0x000000070b600000, 0x000000070b800000|  0%| F|  |TAMS 0x000000070b600000, 0x000000070b600000| Untracked 
|  20|0x000000070b800000, 0x000000070b800000, 0x000000070ba00000|  0%| F|  |TAMS 0x000000070b800000, 0x000000070b800000| Untracked 
|  21|0x000000070ba00000, 0x000000070ba00000, 0x000000070bc00000|  0%| F|  |TAMS 0x000000070ba00000, 0x000000070ba00000| Untracked 
|  22|0x000000070bc00000, 0x000000070bc00000, 0x000000070be00000|  0%| F|  |TAMS 0x000000070bc00000, 0x000000070bc00000| Untracked 
|  23|0x000000070be00000, 0x000000070be00000, 0x000000070c000000|  0%| F|  |TAMS 0x000000070be00000, 0x000000070be00000| Untracked 
|  24|0x000000070c000000, 0x000000070c000000, 0x000000070c200000|  0%| F|  |TAMS 0x000000070c000000, 0x000000070c000000| Untracked 
|  25|0x000000070c200000, 0x000000070c200000, 0x000000070c400000|  0%| F|  |TAMS 0x000000070c200000, 0x000000070c200000| Untracked 
|  26|0x000000070c400000, 0x000000070c400000, 0x000000070c600000|  0%| F|  |TAMS 0x000000070c400000, 0x000000070c400000| Untracked 
|  27|0x000000070c600000, 0x000000070c600000, 0x000000070c800000|  0%| F|  |TAMS 0x000000070c600000, 0x000000070c600000| Untracked 
|  28|0x000000070c800000, 0x000000070c800000, 0x000000070ca00000|  0%| F|  |TAMS 0x000000070c800000, 0x000000070c800000| Untracked 
|  29|0x000000070ca00000, 0x000000070ca00000, 0x000000070cc00000|  0%| F|  |TAMS 0x000000070ca00000, 0x000000070ca00000| Untracked 
|  30|0x000000070cc00000, 0x000000070cc00000, 0x000000070ce00000|  0%| F|  |TAMS 0x000000070cc00000, 0x000000070cc00000| Untracked 
|  31|0x000000070ce00000, 0x000000070ce00000, 0x000000070d000000|  0%| F|  |TAMS 0x000000070ce00000, 0x000000070ce00000| Untracked 
|  32|0x000000070d000000, 0x000000070d000000, 0x000000070d200000|  0%| F|  |TAMS 0x000000070d000000, 0x000000070d000000| Untracked 
|  33|0x000000070d200000, 0x000000070d200000, 0x000000070d400000|  0%| F|  |TAMS 0x000000070d200000, 0x000000070d200000| Untracked 
|  34|0x000000070d400000, 0x000000070d400000, 0x000000070d600000|  0%| F|  |TAMS 0x000000070d400000, 0x000000070d400000| Untracked 
|  35|0x000000070d600000, 0x000000070d600000, 0x000000070d800000|  0%| F|  |TAMS 0x000000070d600000, 0x000000070d600000| Untracked 
|  36|0x000000070d800000, 0x000000070d800000, 0x000000070da00000|  0%| F|  |TAMS 0x000000070d800000, 0x000000070d800000| Untracked 
|  37|0x000000070da00000, 0x000000070da00000, 0x000000070dc00000|  0%| F|  |TAMS 0x000000070da00000, 0x000000070da00000| Untracked 
|  38|0x000000070dc00000, 0x000000070dc00000, 0x000000070de00000|  0%| F|  |TAMS 0x000000070dc00000, 0x000000070dc00000| Untracked 
|  39|0x000000070de00000, 0x000000070de00000, 0x000000070e000000|  0%| F|  |TAMS 0x000000070de00000, 0x000000070de00000| Untracked 
|  40|0x000000070e000000, 0x000000070e000000, 0x000000070e200000|  0%| F|  |TAMS 0x000000070e000000, 0x000000070e000000| Untracked 
|  41|0x000000070e200000, 0x000000070e200000, 0x000000070e400000|  0%| F|  |TAMS 0x000000070e200000, 0x000000070e200000| Untracked 
|  42|0x000000070e400000, 0x000000070e400000, 0x000000070e600000|  0%| F|  |TAMS 0x000000070e400000, 0x000000070e400000| Untracked 
|  43|0x000000070e600000, 0x000000070e600000, 0x000000070e800000|  0%| F|  |TAMS 0x000000070e600000, 0x000000070e600000| Untracked 
|  44|0x000000070e800000, 0x000000070e800000, 0x000000070ea00000|  0%| F|  |TAMS 0x000000070e800000, 0x000000070e800000| Untracked 
|  45|0x000000070ea00000, 0x000000070ea00000, 0x000000070ec00000|  0%| F|  |TAMS 0x000000070ea00000, 0x000000070ea00000| Untracked 
|  46|0x000000070ec00000, 0x000000070ec00000, 0x000000070ee00000|  0%| F|  |TAMS 0x000000070ec00000, 0x000000070ec00000| Untracked 
|  47|0x000000070ee00000, 0x000000070ee00000, 0x000000070f000000|  0%| F|  |TAMS 0x000000070ee00000, 0x000000070ee00000| Untracked 
|  48|0x000000070f000000, 0x000000070f000000, 0x000000070f200000|  0%| F|  |TAMS 0x000000070f000000, 0x000000070f000000| Untracked 
|  49|0x000000070f200000, 0x000000070f200000, 0x000000070f400000|  0%| F|  |TAMS 0x000000070f200000, 0x000000070f200000| Untracked 
|  50|0x000000070f400000, 0x000000070f400000, 0x000000070f600000|  0%| F|  |TAMS 0x000000070f400000, 0x000000070f400000| Untracked 
|  51|0x000000070f600000, 0x000000070f600000, 0x000000070f800000|  0%| F|  |TAMS 0x000000070f600000, 0x000000070f600000| Untracked 
|  52|0x000000070f800000, 0x000000070f800000, 0x000000070fa00000|  0%| F|  |TAMS 0x000000070f800000, 0x000000070f800000| Untracked 
|  53|0x000000070fa00000, 0x000000070fa00000, 0x000000070fc00000|  0%| F|  |TAMS 0x000000070fa00000, 0x000000070fa00000| Untracked 
|  54|0x000000070fc00000, 0x000000070fc00000, 0x000000070fe00000|  0%| F|  |TAMS 0x000000070fc00000, 0x000000070fc00000| Untracked 
|  55|0x000000070fe00000, 0x000000070fe00000, 0x0000000710000000|  0%| F|  |TAMS 0x000000070fe00000, 0x000000070fe00000| Untracked 
|  56|0x0000000710000000, 0x0000000710000000, 0x0000000710200000|  0%| F|  |TAMS 0x0000000710000000, 0x0000000710000000| Untracked 
|  57|0x0000000710200000, 0x0000000710200000, 0x0000000710400000|  0%| F|  |TAMS 0x0000000710200000, 0x0000000710200000| Untracked 
|  58|0x0000000710400000, 0x0000000710400000, 0x0000000710600000|  0%| F|  |TAMS 0x0000000710400000, 0x0000000710400000| Untracked 
|  59|0x0000000710600000, 0x0000000710600000, 0x0000000710800000|  0%| F|  |TAMS 0x0000000710600000, 0x0000000710600000| Untracked 
|  60|0x0000000710800000, 0x0000000710800000, 0x0000000710a00000|  0%| F|  |TAMS 0x0000000710800000, 0x0000000710800000| Untracked 
|  61|0x0000000710a00000, 0x0000000710a00000, 0x0000000710c00000|  0%| F|  |TAMS 0x0000000710a00000, 0x0000000710a00000| Untracked 
|  62|0x0000000710c00000, 0x0000000710c00000, 0x0000000710e00000|  0%| F|  |TAMS 0x0000000710c00000, 0x0000000710c00000| Untracked 
|  63|0x0000000710e00000, 0x0000000710e00000, 0x0000000711000000|  0%| F|  |TAMS 0x0000000710e00000, 0x0000000710e00000| Untracked 
|  64|0x0000000711000000, 0x0000000711000000, 0x0000000711200000|  0%| F|  |TAMS 0x0000000711000000, 0x0000000711000000| Untracked 
|  65|0x0000000711200000, 0x0000000711200000, 0x0000000711400000|  0%| F|  |TAMS 0x0000000711200000, 0x0000000711200000| Untracked 
|  66|0x0000000711400000, 0x0000000711400000, 0x0000000711600000|  0%| F|  |TAMS 0x0000000711400000, 0x0000000711400000| Untracked 
|  67|0x0000000711600000, 0x0000000711600000, 0x0000000711800000|  0%| F|  |TAMS 0x0000000711600000, 0x0000000711600000| Untracked 
|  68|0x0000000711800000, 0x0000000711800000, 0x0000000711a00000|  0%| F|  |TAMS 0x0000000711800000, 0x0000000711800000| Untracked 
|  69|0x0000000711a00000, 0x0000000711a00000, 0x0000000711c00000|  0%| F|  |TAMS 0x0000000711a00000, 0x0000000711a00000| Untracked 
|  70|0x0000000711c00000, 0x0000000711c00000, 0x0000000711e00000|  0%| F|  |TAMS 0x0000000711c00000, 0x0000000711c00000| Untracked 
|  71|0x0000000711e00000, 0x0000000711e00000, 0x0000000712000000|  0%| F|  |TAMS 0x0000000711e00000, 0x0000000711e00000| Untracked 
|  72|0x0000000712000000, 0x0000000712000000, 0x0000000712200000|  0%| F|  |TAMS 0x0000000712000000, 0x0000000712000000| Untracked 
|  73|0x0000000712200000, 0x0000000712200000, 0x0000000712400000|  0%| F|  |TAMS 0x0000000712200000, 0x0000000712200000| Untracked 
|  74|0x0000000712400000, 0x0000000712400000, 0x0000000712600000|  0%| F|  |TAMS 0x0000000712400000, 0x0000000712400000| Untracked 
|  75|0x0000000712600000, 0x0000000712600000, 0x0000000712800000|  0%| F|  |TAMS 0x0000000712600000, 0x0000000712600000| Untracked 
|  76|0x0000000712800000, 0x0000000712800000, 0x0000000712a00000|  0%| F|  |TAMS 0x0000000712800000, 0x0000000712800000| Untracked 
|  77|0x0000000712a00000, 0x0000000712a00000, 0x0000000712c00000|  0%| F|  |TAMS 0x0000000712a00000, 0x0000000712a00000| Untracked 
|  78|0x0000000712c00000, 0x0000000712c00000, 0x0000000712e00000|  0%| F|  |TAMS 0x0000000712c00000, 0x0000000712c00000| Untracked 
|  79|0x0000000712e00000, 0x0000000712e00000, 0x0000000713000000|  0%| F|  |TAMS 0x0000000712e00000, 0x0000000712e00000| Untracked 
|  80|0x0000000713000000, 0x0000000713000000, 0x0000000713200000|  0%| F|  |TAMS 0x0000000713000000, 0x0000000713000000| Untracked 
|  81|0x0000000713200000, 0x0000000713200000, 0x0000000713400000|  0%| F|  |TAMS 0x0000000713200000, 0x0000000713200000| Untracked 
|  82|0x0000000713400000, 0x0000000713400000, 0x0000000713600000|  0%| F|  |TAMS 0x0000000713400000, 0x0000000713400000| Untracked 
|  83|0x0000000713600000, 0x0000000713600000, 0x0000000713800000|  0%| F|  |TAMS 0x0000000713600000, 0x0000000713600000| Untracked 
|  84|0x0000000713800000, 0x0000000713800000, 0x0000000713a00000|  0%| F|  |TAMS 0x0000000713800000, 0x0000000713800000| Untracked 
|  85|0x0000000713a00000, 0x0000000713a00000, 0x0000000713c00000|  0%| F|  |TAMS 0x0000000713a00000, 0x0000000713a00000| Untracked 
|  86|0x0000000713c00000, 0x0000000713c00000, 0x0000000713e00000|  0%| F|  |TAMS 0x0000000713c00000, 0x0000000713c00000| Untracked 
|  87|0x0000000713e00000, 0x0000000713e00000, 0x0000000714000000|  0%| F|  |TAMS 0x0000000713e00000, 0x0000000713e00000| Untracked 
|  88|0x0000000714000000, 0x0000000714000000, 0x0000000714200000|  0%| F|  |TAMS 0x0000000714000000, 0x0000000714000000| Untracked 
|  89|0x0000000714200000, 0x0000000714200000, 0x0000000714400000|  0%| F|  |TAMS 0x0000000714200000, 0x0000000714200000| Untracked 
|  90|0x0000000714400000, 0x0000000714400000, 0x0000000714600000|  0%| F|  |TAMS 0x0000000714400000, 0x0000000714400000| Untracked 
|  91|0x0000000714600000, 0x0000000714600000, 0x0000000714800000|  0%| F|  |TAMS 0x0000000714600000, 0x0000000714600000| Untracked 
|  92|0x0000000714800000, 0x0000000714800000, 0x0000000714a00000|  0%| F|  |TAMS 0x0000000714800000, 0x0000000714800000| Untracked 
|  93|0x0000000714a00000, 0x0000000714a00000, 0x0000000714c00000|  0%| F|  |TAMS 0x0000000714a00000, 0x0000000714a00000| Untracked 
|  94|0x0000000714c00000, 0x0000000714c00000, 0x0000000714e00000|  0%| F|  |TAMS 0x0000000714c00000, 0x0000000714c00000| Untracked 
|  95|0x0000000714e00000, 0x0000000714e00000, 0x0000000715000000|  0%| F|  |TAMS 0x0000000714e00000, 0x0000000714e00000| Untracked 
|  96|0x0000000715000000, 0x0000000715000000, 0x0000000715200000|  0%| F|  |TAMS 0x0000000715000000, 0x0000000715000000| Untracked 
|  97|0x0000000715200000, 0x0000000715200000, 0x0000000715400000|  0%| F|  |TAMS 0x0000000715200000, 0x0000000715200000| Untracked 
|  98|0x0000000715400000, 0x0000000715400000, 0x0000000715600000|  0%| F|  |TAMS 0x0000000715400000, 0x0000000715400000| Untracked 
|  99|0x0000000715600000, 0x0000000715600000, 0x0000000715800000|  0%| F|  |TAMS 0x0000000715600000, 0x0000000715600000| Untracked 
| 100|0x0000000715800000, 0x0000000715800000, 0x0000000715a00000|  0%| F|  |TAMS 0x0000000715800000, 0x0000000715800000| Untracked 
| 101|0x0000000715a00000, 0x0000000715a00000, 0x0000000715c00000|  0%| F|  |TAMS 0x0000000715a00000, 0x0000000715a00000| Untracked 
| 102|0x0000000715c00000, 0x0000000715c00000, 0x0000000715e00000|  0%| F|  |TAMS 0x0000000715c00000, 0x0000000715c00000| Untracked 
| 103|0x0000000715e00000, 0x0000000715e00000, 0x0000000716000000|  0%| F|  |TAMS 0x0000000715e00000, 0x0000000715e00000| Untracked 
| 104|0x0000000716000000, 0x0000000716000000, 0x0000000716200000|  0%| F|  |TAMS 0x0000000716000000, 0x0000000716000000| Untracked 
| 105|0x0000000716200000, 0x0000000716200000, 0x0000000716400000|  0%| F|  |TAMS 0x0000000716200000, 0x0000000716200000| Untracked 
| 106|0x0000000716400000, 0x0000000716400000, 0x0000000716600000|  0%| F|  |TAMS 0x0000000716400000, 0x0000000716400000| Untracked 
| 107|0x0000000716600000, 0x0000000716600000, 0x0000000716800000|  0%| F|  |TAMS 0x0000000716600000, 0x0000000716600000| Untracked 
| 108|0x0000000716800000, 0x0000000716800000, 0x0000000716a00000|  0%| F|  |TAMS 0x0000000716800000, 0x0000000716800000| Untracked 
| 109|0x0000000716a00000, 0x0000000716a00000, 0x0000000716c00000|  0%| F|  |TAMS 0x0000000716a00000, 0x0000000716a00000| Untracked 
| 110|0x0000000716c00000, 0x0000000716c00000, 0x0000000716e00000|  0%| F|  |TAMS 0x0000000716c00000, 0x0000000716c00000| Untracked 
| 111|0x0000000716e00000, 0x0000000716e00000, 0x0000000717000000|  0%| F|  |TAMS 0x0000000716e00000, 0x0000000716e00000| Untracked 
| 112|0x0000000717000000, 0x0000000717000000, 0x0000000717200000|  0%| F|  |TAMS 0x0000000717000000, 0x0000000717000000| Untracked 
| 113|0x0000000717200000, 0x0000000717200000, 0x0000000717400000|  0%| F|  |TAMS 0x0000000717200000, 0x0000000717200000| Untracked 
| 114|0x0000000717400000, 0x0000000717400000, 0x0000000717600000|  0%| F|  |TAMS 0x0000000717400000, 0x0000000717400000| Untracked 
| 115|0x0000000717600000, 0x0000000717600000, 0x0000000717800000|  0%| F|  |TAMS 0x0000000717600000, 0x0000000717600000| Untracked 
| 116|0x0000000717800000, 0x0000000717800000, 0x0000000717a00000|  0%| F|  |TAMS 0x0000000717800000, 0x0000000717800000| Untracked 
| 117|0x0000000717a00000, 0x0000000717a00000, 0x0000000717c00000|  0%| F|  |TAMS 0x0000000717a00000, 0x0000000717a00000| Untracked 
| 118|0x0000000717c00000, 0x0000000717c00000, 0x0000000717e00000|  0%| F|  |TAMS 0x0000000717c00000, 0x0000000717c00000| Untracked 
| 119|0x0000000717e00000, 0x0000000717e00000, 0x0000000718000000|  0%| F|  |TAMS 0x0000000717e00000, 0x0000000717e00000| Untracked 
| 120|0x0000000718000000, 0x0000000718000000, 0x0000000718200000|  0%| F|  |TAMS 0x0000000718000000, 0x0000000718000000| Untracked 
| 121|0x0000000718200000, 0x0000000718200000, 0x0000000718400000|  0%| F|  |TAMS 0x0000000718200000, 0x0000000718200000| Untracked 
| 122|0x0000000718400000, 0x00000007185c4d48, 0x0000000718600000| 88%| E|  |TAMS 0x0000000718400000, 0x0000000718400000| Complete 
| 123|0x0000000718600000, 0x0000000718800000, 0x0000000718800000|100%| E|CS|TAMS 0x0000000718600000, 0x0000000718600000| Complete 
|1974|0x00000007ffc00000, 0x00000007ffd75000, 0x00000007ffe00000| 72%|OA|  |TAMS 0x00000007ffc00000, 0x00000007ffc00000| Untracked 
|1975|0x00000007ffe00000, 0x00000007ffe81000, 0x0000000800000000| 25%|CA|  |TAMS 0x00000007ffe00000, 0x00000007ffe00000| Untracked 

Card table byte_map: [0x00007f649856a000,0x00007f6498d22000] _byte_map_base: 0x00007f6494d22000

Marking Bits (Prev, Next): (CMBitMap*) 0x00007f64b0073be0, (CMBitMap*) 0x00007f64b0073c20
 Prev Bits: [0x00007f6493ff2000, 0x00007f6497db2000)
 Next Bits: [0x00007f6490232000, 0x00007f6493ff2000)

Polling page: 0x00007f64b5f4e000

Metaspace:

Usage:
  Non-class:    889.74 KB used.
      Class:     74.20 KB used.
       Both:    963.94 KB used.

Virtual space:
  Non-class space:        8.00 MB reserved,     960.00 KB ( 12%) committed,  1 nodes.
      Class space:        1.00 GB reserved,     128.00 KB ( <1%) committed,  1 nodes.
              Both:        1.01 GB reserved,       1.06 MB ( <1%) committed. 

Chunk freelists:
   Non-Class:  3.86 MB
       Class:  3.73 MB
        Both:  7.59 MB

MaxMetaspaceSize: 17179869184.00 GB
CompressedClassSpaceSize: 1.00 GB
 - commit_granule_bytes: 65536.
 - commit_granule_words: 8192.
 - virtual_space_node_default_size: 1048576.
 - enlarge_chunks_in_place: 1.
 - new_chunks_are_fully_committed: 0.
 - uncommit_free_chunks: 1.
 - use_allocation_guard: 0.
 - handle_deallocations: 1.


Internal statistics:

num_allocs_failed_limit: 0.
num_arena_births: 12.
num_arena_deaths: 0.
num_vsnodes_births: 2.
num_vsnodes_deaths: 0.
num_space_committed: 17.
num_space_uncommitted: 0.
num_chunks_returned_to_freelist: 0.
num_chunks_taken_from_freelist: 28.
num_chunk_merges: 0.
num_chunk_splits: 13.
num_chunks_enlarged: 8.
num_purges: 0.

CodeHeap 'non-profiled nmethods': size=120028Kb used=71Kb max_used=71Kb free=119956Kb
 bounds [0x00007f64a12a6000, 0x00007f64a1516000, 0x00007f64a87dd000]
CodeHeap 'profiled nmethods': size=120028Kb used=287Kb max_used=287Kb free=119740Kb
 bounds [0x00007f6499d6f000, 0x00007f6499fdf000, 0x00007f64a12a6000]
CodeHeap 'non-nmethods': size=5704Kb used=1126Kb max_used=1140Kb free=4577Kb
 bounds [0x00007f64997dd000, 0x00007f6499a4d000, 0x00007f6499d6f000]
 total_blobs=650 nmethods=243 adapters=321
 compilation: enabled
              stopped_count=0, restarted_count=0
 full_count=0

Compilation events (20 events):
Event: 0.188 Thread 0x00007f64b017ffb0  234       3       java.lang.AbstractStringBuilder::<init> (39 bytes)
Event: 0.188 Thread 0x00007f64b017ffb0 nmethod 234 0x00007f6499dafb10 code [0x00007f6499dafcc0, 0x00007f6499daff50]
Event: 0.188 Thread 0x00007f64b017ffb0  235       3       java.util.zip.ZipFile::ensureOpen (40 bytes)
Event: 0.188 Thread 0x00007f64b017ffb0 nmethod 235 0x00007f6499db0010 code [0x00007f6499db01e0, 0x00007f6499db0470]
Event: 0.189 Thread 0x00007f64b017ffb0  236       3       java.lang.String::indexOf (64 bytes)
Event: 0.189 Thread 0x00007f64b017ffb0 nmethod 236 0x00007f6499db0590 code [0x00007f6499db07a0, 0x00007f6499db0c60]
Event: 0.189 Thread 0x00007f64b017ffb0  237       3       java.lang.StringLatin1::indexOf (25 bytes)
Event: 0.189 Thread 0x00007f64b017ffb0 nmethod 237 0x00007f6499db0e10 code [0x00007f6499db0fc0, 0x00007f6499db11c0]
Event: 0.190 Thread 0x00007f64b017ffb0  238   !   3       java.util.jar.JarFile::checkForSpecialAttributes (163 bytes)
Event: 0.191 Thread 0x00007f64b017ffb0 nmethod 238 0x00007f6499db1290 code [0x00007f6499db15c0, 0x00007f6499db27e0]
Event: 0.191 Thread 0x00007f64b017ffb0  239       3       java.util.ArrayList::get (15 bytes)
Event: 0.191 Thread 0x00007f64b017ffb0 nmethod 239 0x00007f6499db3010 code [0x00007f6499db31e0, 0x00007f6499db3500]
Event: 0.191 Thread 0x00007f64b017ffb0  240       3       java.util.Objects::checkIndex (7 bytes)
Event: 0.191 Thread 0x00007f64b017ffb0 nmethod 240 0x00007f6499db3690 code [0x00007f6499db3840, 0x00007f6499db3a40]
Event: 0.205 Thread 0x00007f64b017ffb0  241       3       java.lang.CharacterData::of (124 bytes)
Event: 0.205 Thread 0x00007f64b017ffb0 nmethod 241 0x00007f6499db3b90 code [0x00007f6499db3dc0, 0x00007f6499db4650]
Event: 0.205 Thread 0x00007f64b017ffb0  242  s!   3       jdk.internal.loader.URLClassPath::getLoader (194 bytes)
Event: 0.206 Thread 0x00007f64b017ffb0 nmethod 242 0x00007f6499db4890 code [0x00007f6499db4ba0, 0x00007f6499db5fa0]
Event: 0.206 Thread 0x00007f64b017ffb0  243   !   3       jdk.internal.loader.URLClassPath$JarLoader::ensureOpen (36 bytes)
Event: 0.206 Thread 0x00007f64b017ffb0 nmethod 243 0x00007f6499db6790 code [0x00007f6499db6960, 0x00007f6499db6db0]

GC Heap History (0 events):
No events

Deoptimization events (0 events):
No events

Classes unloaded (0 events):
No events

Classes redefined (0 events):
No events

Internal exceptions (7 events):
Event: 0.111 Thread 0x00007f64b0280420 Exception <a 'java/lang/NoSuchMethodError'{0x00000007184068c0}: 'java.lang.Object java.lang.invoke.DirectMethodHandle$Holder.invokeStatic(java.lang.Object)'> (0x00000007184068c0) 
thrown [open/src/hotspot/share/interpreter/linkResolver.cpp, line 789]
Event: 0.112 Thread 0x00007f64b0280420 Exception <a 'java/lang/NoSuchMethodError'{0x000000071840a0a8}: 'java.lang.Object java.lang.invoke.DirectMethodHandle$Holder.invokeStaticInit(java.lang.Object)'> (0x000000071840a0a8) 
thrown [open/src/hotspot/share/interpreter/linkResolver.cpp, line 789]
Event: 0.119 Thread 0x00007f64b0280420 Exception <a 'java/lang/NoSuchMethodError'{0x00000007184185c8}: 'void java.lang.invoke.DirectMethodHandle$Holder.invokeStatic(java.lang.Object, java.lang.Object)'> (0x00000007184185c8) 
thrown [open/src/hotspot/share/interpreter/linkResolver.cpp, line 789]
Event: 0.140 Thread 0x00007f64b00241c0 Exception <a 'java/io/FileNotFoundException'{0x00000007184ac8d8}> (0x00000007184ac8d8) 
thrown [open/src/hotspot/share/prims/jni.cpp, line 579]
Event: 0.168 Thread 0x00007f64b00241c0 Exception <a 'java/io/FileNotFoundException'{0x00000007184bb7a0}> (0x00000007184bb7a0) 
thrown [open/src/hotspot/share/prims/jni.cpp, line 579]
Event: 0.169 Thread 0x00007f64b00241c0 Exception <a 'java/io/FileNotFoundException'{0x00000007184c8f30}> (0x00000007184c8f30) 
thrown [open/src/hotspot/share/prims/jni.cpp, line 579]
Event: 0.187 Thread 0x00007f64b00241c0 Exception <a 'java/io/FileNotFoundException'{0x00000007184d7a00}> (0x00000007184d7a00) 
thrown [open/src/hotspot/share/prims/jni.cpp, line 579]

Events (20 events):
Event: 0.122 loading class sun/nio/cs/US_ASCII$Decoder done
Event: 0.123 loading class sun/nio/ch/Util
Event: 0.123 loading class sun/nio/ch/Util done
Event: 0.123 loading class sun/nio/ch/Util$1
Event: 0.123 loading class sun/nio/ch/Util$1 done
Event: 0.123 loading class sun/nio/ch/Util$BufferCache
Event: 0.123 loading class sun/nio/ch/Util$BufferCache done
Event: 0.123 loading class java/nio/DirectByteBuffer$Deallocator
Event: 0.123 loading class java/nio/DirectByteBuffer$Deallocator done
Event: 0.139 Loaded shared library /usr/lib64/librxtxSerial.so
Event: 0.140 loading class java/io/FileNotFoundException
Event: 0.140 loading class java/io/FileNotFoundException done
Event: 0.189 loading class java/util/TooManyListenersException
Event: 0.189 loading class java/util/TooManyListenersException done
Event: 0.190 loading class java/lang/NumberFormatException
Event: 0.190 loading class java/lang/NumberFormatException done
Event: 0.191 loading class java/lang/IndexOutOfBoundsException
Event: 0.191 loading class java/lang/IndexOutOfBoundsException done
Event: 0.205 Thread 0x00007f64b02960c0 Thread added: 0x00007f64b02960c0
Event: 0.205 Protecting memory [0x00007f646f2e7000,0x00007f646f2eb000] with protection modes 0


Dynamic libraries:
709000000-718800000 rw-p 00000000 00:00 0 
718800000-7ffc00000 ---p 00000000 00:00 0 
7ffc00000-7ffd00000 rw-p 00000000 00:00 0 
7ffd00000-7ffd75000 rw-p 00c7c000 08:12 57281892                         /usr/lib/jvm/jdk-16.0.1/lib/server/classes.jsa
7ffd75000-7ffe00000 rw-p 00000000 00:00 0 
7ffe00000-7ffe81000 rw-p 00bfb000 08:12 57281892                         /usr/lib/jvm/jdk-16.0.1/lib/server/classes.jsa
7ffe81000-800000000 rw-p 00000000 00:00 0 
800000000-800003000 rwxp 00001000 08:12 57281892                         /usr/lib/jvm/jdk-16.0.1/lib/server/classes.jsa
800003000-800412000 rw-p 00004000 08:12 57281892                         /usr/lib/jvm/jdk-16.0.1/lib/server/classes.jsa
800412000-800bc3000 r--p 00413000 08:12 57281892                         /usr/lib/jvm/jdk-16.0.1/lib/server/classes.jsa
800bc3000-800c00000 ---p 00000000 00:00 0 
800c00000-800c10000 rw-p 00000000 00:00 0 
800c10000-800c40000 ---p 00000000 00:00 0 
800c40000-800c50000 rw-p 00000000 00:00 0 
800c50000-840c00000 ---p 00000000 00:00 0 
55f9be035000-55f9be036000 r-xp 00000000 08:12 57280302                   /usr/lib/jvm/jdk-16.0.1/bin/java
55f9be037000-55f9be038000 r--p 00001000 08:12 57280302                   /usr/lib/jvm/jdk-16.0.1/bin/java
55f9be038000-55f9be039000 rw-p 00002000 08:12 57280302                   /usr/lib/jvm/jdk-16.0.1/bin/java
55f9bee01000-55f9bee22000 rw-p 00000000 00:00 0                          [heap]
7f643c000000-7f643c021000 rw-p 00000000 00:00 0 
7f643c021000-7f6440000000 ---p 00000000 00:00 0 
7f6440000000-7f6440021000 rw-p 00000000 00:00 0 
7f6440021000-7f6444000000 ---p 00000000 00:00 0 
7f6444000000-7f6444021000 rw-p 00000000 00:00 0 
7f6444021000-7f6448000000 ---p 00000000 00:00 0 
7f6448000000-7f6448021000 rw-p 00000000 00:00 0 
7f6448021000-7f644c000000 ---p 00000000 00:00 0 
7f644c000000-7f644c021000 rw-p 00000000 00:00 0 
7f644c021000-7f6450000000 ---p 00000000 00:00 0 
7f6450000000-7f6450021000 rw-p 00000000 00:00 0 
7f6450021000-7f6454000000 ---p 00000000 00:00 0 
7f6454000000-7f64540f7000 rw-p 00000000 00:00 0 
7f64540f7000-7f6458000000 ---p 00000000 00:00 0 
7f6458000000-7f64580b2000 rw-p 00000000 00:00 0 
7f64580b2000-7f645c000000 ---p 00000000 00:00 0 
7f645c000000-7f645c021000 rw-p 00000000 00:00 0 
7f645c021000-7f6460000000 ---p 00000000 00:00 0 
7f6460000000-7f6460021000 rw-p 00000000 00:00 0 
7f6460021000-7f6464000000 ---p 00000000 00:00 0 
7f6464000000-7f6464021000 rw-p 00000000 00:00 0 
7f6464021000-7f6468000000 ---p 00000000 00:00 0 
7f6468000000-7f6468021000 rw-p 00000000 00:00 0 
7f6468021000-7f646c000000 ---p 00000000 00:00 0 
7f646f2e7000-7f646f2eb000 ---p 00000000 00:00 0 
7f646f2eb000-7f646f3e8000 rw-p 00000000 00:00 0 
7f646f3e8000-7f646f3f5000 r-xp 00000000 08:12 57149964                   /usr/lib64/librxtxSerial.so
7f646f3f5000-7f646f5f4000 ---p 0000d000 08:12 57149964                   /usr/lib64/librxtxSerial.so
7f646f5f4000-7f646f5f5000 rw-p 0000c000 08:12 57149964                   /usr/lib64/librxtxSerial.so
7f646f5f5000-7f646f5f6000 ---p 00000000 00:00 0 
7f646f5f6000-7f646f6f7000 rw-p 00000000 00:00 0 
7f646f6f7000-7f646f6fb000 ---p 00000000 00:00 0 
7f646f6fb000-7f646f7f8000 rw-p 00000000 00:00 0 
7f646f7f8000-7f646f7fc000 ---p 00000000 00:00 0 
7f646f7fc000-7f646f8f9000 rw-p 00000000 00:00 0 
7f646f8f9000-7f646f8fd000 ---p 00000000 00:00 0 
7f646f8fd000-7f646f9fa000 rw-p 00000000 00:00 0 
7f646f9fa000-7f646f9fe000 ---p 00000000 00:00 0 
7f646f9fe000-7f646fafb000 rw-p 00000000 00:00 0 
7f646fafb000-7f646faff000 ---p 00000000 00:00 0 
7f646faff000-7f646fbfc000 rw-p 00000000 00:00 0 
7f646fbfc000-7f646fc00000 ---p 00000000 00:00 0 
7f646fc00000-7f646fcfd000 rw-p 00000000 00:00 0 
7f646fcfd000-7f646fd01000 ---p 00000000 00:00 0 
7f646fd01000-7f646fdfe000 rw-p 00000000 00:00 0 
7f646fdfe000-7f646fe02000 ---p 00000000 00:00 0 
7f646fe02000-7f646feff000 rw-p 00000000 00:00 0 
7f646feff000-7f646ff03000 ---p 00000000 00:00 0 
7f646ff03000-7f6470000000 rw-p 00000000 00:00 0 
7f6470000000-7f6470021000 rw-p 00000000 00:00 0 
7f6470021000-7f6474000000 ---p 00000000 00:00 0 
7f6474000000-7f6474021000 rw-p 00000000 00:00 0 
7f6474021000-7f6478000000 ---p 00000000 00:00 0 
7f6478000000-7f6478021000 rw-p 00000000 00:00 0 
7f6478021000-7f647c000000 ---p 00000000 00:00 0 
7f647c000000-7f647c021000 rw-p 00000000 00:00 0 
7f647c021000-7f6480000000 ---p 00000000 00:00 0 
7f6480000000-7f6480021000 rw-p 00000000 00:00 0 
7f6480021000-7f6484000000 ---p 00000000 00:00 0 
7f6484000000-7f6484021000 rw-p 00000000 00:00 0 
7f6484021000-7f6488000000 ---p 00000000 00:00 0 
7f6488069000-7f648808b000 r--p 00000000 08:12 59640346                   /usr/share/locale-langpack/zh_CN/LC_MESSAGES/libc.mo
7f648808b000-7f64888fc000 r--p 00000000 08:12 57153007                   /usr/lib/locale/locale-archive
7f64888fc000-7f6488900000 ---p 00000000 00:00 0 
7f6488900000-7f64889fd000 rw-p 00000000 00:00 0 
7f64889fd000-7f6488a01000 ---p 00000000 00:00 0 
7f6488a01000-7f6488afe000 rw-p 00000000 00:00 0 
7f6488afe000-7f6488aff000 ---p 00000000 00:00 0 
7f6488aff000-7f6488cc0000 rw-p 00000000 00:00 0 
7f6488cc0000-7f6489000000 ---p 00000000 00:00 0 
7f6489000000-7f6489030000 rw-p 00000000 00:00 0 
7f6489030000-7f6489400000 ---p 00000000 00:00 0 
7f6489416000-7f64894f2000 rw-p 00000000 00:00 0 
7f64894f2000-7f64894f3000 ---p 00000000 00:00 0 
7f64894f3000-7f64895f4000 rw-p 00000000 00:00 0 
7f64895f4000-7f64895f5000 ---p 00000000 00:00 0 
7f64895f5000-7f648befe000 rw-p 00000000 00:00 0 
7f648befe000-7f648beff000 ---p 00000000 00:00 0 
7f648beff000-7f648c000000 rw-p 00000000 00:00 0 
7f648c000000-7f648c021000 rw-p 00000000 00:00 0 
7f648c021000-7f6490000000 ---p 00000000 00:00 0 
7f649001e000-7f649002b000 r-xp 00000000 08:12 57281870                   /usr/lib/jvm/jdk-16.0.1/lib/libverify.so
7f649002b000-7f649002d000 r--p 0000c000 08:12 57281870                   /usr/lib/jvm/jdk-16.0.1/lib/libverify.so
7f649002d000-7f649002e000 rw-p 0000e000 08:12 57281870                   /usr/lib/jvm/jdk-16.0.1/lib/libverify.so
7f649002e000-7f649002f000 ---p 00000000 00:00 0 
7f649002f000-7f6490130000 rw-p 00000000 00:00 0 
7f6490130000-7f6490131000 ---p 00000000 00:00 0 
7f6490131000-7f6490612000 rw-p 00000000 00:00 0 
7f6490612000-7f6493fe2000 ---p 00000000 00:00 0 
7f6493fe2000-7f64943d2000 rw-p 00000000 00:00 0 
7f64943d2000-7f6497da2000 ---p 00000000 00:00 0 
7f6497da2000-7f6497e2e000 rw-p 00000000 00:00 0 
7f6497e2e000-7f6498568000 ---p 00000000 00:00 0 
7f6498568000-7f64985e6000 rw-p 00000000 00:00 0 
7f64985e6000-7f6498d20000 ---p 00000000 00:00 0 
7f6498d20000-7f6498d9e000 rw-p 00000000 00:00 0 
7f6498d9e000-7f64994d8000 ---p 00000000 00:00 0 
7f64994d8000-7f64997dd000 rw-p 00000000 00:00 0 
7f64997dd000-7f6499a4d000 rwxp 00000000 00:00 0 
7f6499a4d000-7f6499d6f000 ---p 00000000 00:00 0 
7f6499d6f000-7f6499fdf000 rwxp 00000000 00:00 0 
7f6499fdf000-7f64a12a6000 ---p 00000000 00:00 0 
7f64a12a6000-7f64a1516000 rwxp 00000000 00:00 0 
7f64a1516000-7f64a87dd000 ---p 00000000 00:00 0 
7f64a87dd000-7f64b0000000 r--s 00000000 08:12 57281874                   /usr/lib/jvm/jdk-16.0.1/lib/modules
7f64b0000000-7f64b02b6000 rw-p 00000000 00:00 0 
7f64b02b6000-7f64b4000000 ---p 00000000 00:00 0 
7f64b4001000-7f64b4008000 r--s 00000000 08:12 57807966                   /usr/lib/x86_64-linux-gnu/gconv/gconv-modules.cache
7f64b4008000-7f64b400a000 r-xp 00000000 08:12 57281814                   /usr/lib/jvm/jdk-16.0.1/lib/libextnet.so
7f64b400a000-7f64b400b000 r--p 00001000 08:12 57281814                   /usr/lib/jvm/jdk-16.0.1/lib/libextnet.so
7f64b400b000-7f64b400c000 rw-p 00002000 08:12 57281814                   /usr/lib/jvm/jdk-16.0.1/lib/libextnet.so
7f64b400c000-7f64b4021000 r-xp 00000000 08:12 57281856                   /usr/lib/jvm/jdk-16.0.1/lib/libnet.so
7f64b4021000-7f64b4022000 r--p 00014000 08:12 57281856                   /usr/lib/jvm/jdk-16.0.1/lib/libnet.so
7f64b4022000-7f64b4023000 rw-p 00015000 08:12 57281856                   /usr/lib/jvm/jdk-16.0.1/lib/libnet.so
7f64b4023000-7f64b4036000 r-xp 00000000 08:12 57281858                   /usr/lib/jvm/jdk-16.0.1/lib/libnio.so
7f64b4036000-7f64b4037000 r--p 00012000 08:12 57281858                   /usr/lib/jvm/jdk-16.0.1/lib/libnio.so
7f64b4037000-7f64b4038000 rw-p 00013000 08:12 57281858                   /usr/lib/jvm/jdk-16.0.1/lib/libnio.so
7f64b4038000-7f64b4603000 rw-p 00000000 00:00 0 
7f64b4603000-7f64b46e9000 ---p 00000000 00:00 0 
7f64b46e9000-7f64b46ee000 rw-p 00000000 00:00 0 
7f64b46ee000-7f64b47d4000 ---p 00000000 00:00 0 
7f64b47d4000-7f64b47d7000 r--p 00000000 08:12 57149585                   /usr/lib/x86_64-linux-gnu/libnss_files-2.31.so
7f64b47d7000-7f64b47de000 r-xp 00003000 08:12 57149585                   /usr/lib/x86_64-linux-gnu/libnss_files-2.31.so
7f64b47de000-7f64b47e0000 r--p 0000a000 08:12 57149585                   /usr/lib/x86_64-linux-gnu/libnss_files-2.31.so
7f64b47e0000-7f64b47e1000 r--p 0000b000 08:12 57149585                   /usr/lib/x86_64-linux-gnu/libnss_files-2.31.so
7f64b47e1000-7f64b47e2000 rw-p 0000c000 08:12 57149585                   /usr/lib/x86_64-linux-gnu/libnss_files-2.31.so
7f64b47e2000-7f64b47e8000 rw-p 00000000 00:00 0 
7f64b47e8000-7f64b47ef000 r-xp 00000000 08:12 57281872                   /usr/lib/jvm/jdk-16.0.1/lib/libzip.so
7f64b47ef000-7f64b47f0000 ---p 00007000 08:12 57281872                   /usr/lib/jvm/jdk-16.0.1/lib/libzip.so
7f64b47f0000-7f64b47f1000 r--p 00007000 08:12 57281872                   /usr/lib/jvm/jdk-16.0.1/lib/libzip.so
7f64b47f1000-7f64b47f2000 rw-p 00008000 08:12 57281872                   /usr/lib/jvm/jdk-16.0.1/lib/libzip.so
7f64b47f2000-7f64b47f7000 rw-p 00000000 00:00 0 
7f64b47f7000-7f64b47fe000 ---p 00000000 00:00 0 
7f64b47fe000-7f64b4822000 r-xp 00000000 08:12 57281830                   /usr/lib/jvm/jdk-16.0.1/lib/libjava.so
7f64b4822000-7f64b4823000 ---p 00024000 08:12 57281830                   /usr/lib/jvm/jdk-16.0.1/lib/libjava.so
7f64b4823000-7f64b4824000 r--p 00024000 08:12 57281830                   /usr/lib/jvm/jdk-16.0.1/lib/libjava.so
7f64b4824000-7f64b4825000 rw-p 00025000 08:12 57281830                   /usr/lib/jvm/jdk-16.0.1/lib/libjava.so
7f64b4825000-7f64b4826000 rw-p 00000000 00:00 0 
7f64b4826000-7f64b4841000 r-xp 00000000 08:12 57281838                   /usr/lib/jvm/jdk-16.0.1/lib/libjimage.so
7f64b4841000-7f64b4842000 ---p 0001b000 08:12 57281838                   /usr/lib/jvm/jdk-16.0.1/lib/libjimage.so
7f64b4842000-7f64b4844000 r--p 0001b000 08:12 57281838                   /usr/lib/jvm/jdk-16.0.1/lib/libjimage.so
7f64b4844000-7f64b4845000 rw-p 0001d000 08:12 57281838                   /usr/lib/jvm/jdk-16.0.1/lib/libjimage.so
7f64b4845000-7f64b4848000 r--p 00000000 08:12 57149596                   /usr/lib/x86_64-linux-gnu/librt-2.31.so
7f64b4848000-7f64b484c000 r-xp 00003000 08:12 57149596                   /usr/lib/x86_64-linux-gnu/librt-2.31.so
7f64b484c000-7f64b484d000 r--p 00007000 08:12 57149596                   /usr/lib/x86_64-linux-gnu/librt-2.31.so
7f64b484d000-7f64b484e000 ---p 00008000 08:12 57149596                   /usr/lib/x86_64-linux-gnu/librt-2.31.so
7f64b484e000-7f64b484f000 r--p 00008000 08:12 57149596                   /usr/lib/x86_64-linux-gnu/librt-2.31.so
7f64b484f000-7f64b4850000 rw-p 00009000 08:12 57149596                   /usr/lib/x86_64-linux-gnu/librt-2.31.so
7f64b4850000-7f64b4854000 ---p 00000000 00:00 0 
7f64b4854000-7f64b4951000 rw-p 00000000 00:00 0 
7f64b4951000-7f64b4960000 r--p 00000000 08:12 57149579                   /usr/lib/x86_64-linux-gnu/libm-2.31.so
7f64b4960000-7f64b4a07000 r-xp 0000f000 08:12 57149579                   /usr/lib/x86_64-linux-gnu/libm-2.31.so
7f64b4a07000-7f64b4a9e000 r--p 000b6000 08:12 57149579                   /usr/lib/x86_64-linux-gnu/libm-2.31.so
7f64b4a9e000-7f64b4a9f000 r--p 0014c000 08:12 57149579                   /usr/lib/x86_64-linux-gnu/libm-2.31.so
7f64b4a9f000-7f64b4aa0000 rw-p 0014d000 08:12 57149579                   /usr/lib/x86_64-linux-gnu/libm-2.31.so
7f64b4aa0000-7f64b5bae000 r-xp 00000000 08:12 57281898                   /usr/lib/jvm/jdk-16.0.1/lib/server/libjvm.so
7f64b5bae000-7f64b5baf000 ---p 0110e000 08:12 57281898                   /usr/lib/jvm/jdk-16.0.1/lib/server/libjvm.so
7f64b5baf000-7f64b5c60000 r--p 0110e000 08:12 57281898                   /usr/lib/jvm/jdk-16.0.1/lib/server/libjvm.so
7f64b5c60000-7f64b5c93000 rw-p 011bf000 08:12 57281898                   /usr/lib/jvm/jdk-16.0.1/lib/server/libjvm.so
7f64b5c93000-7f64b5cf0000 rw-p 00000000 00:00 0 
7f64b5cf0000-7f64b5d15000 r--p 00000000 08:12 57149577                   /usr/lib/x86_64-linux-gnu/libc-2.31.so
7f64b5d15000-7f64b5e8d000 r-xp 00025000 08:12 57149577                   /usr/lib/x86_64-linux-gnu/libc-2.31.so
7f64b5e8d000-7f64b5ed7000 r--p 0019d000 08:12 57149577                   /usr/lib/x86_64-linux-gnu/libc-2.31.so
7f64b5ed7000-7f64b5ed8000 ---p 001e7000 08:12 57149577                   /usr/lib/x86_64-linux-gnu/libc-2.31.so
7f64b5ed8000-7f64b5edb000 r--p 001e7000 08:12 57149577                   /usr/lib/x86_64-linux-gnu/libc-2.31.so
7f64b5edb000-7f64b5ede000 rw-p 001ea000 08:12 57149577                   /usr/lib/x86_64-linux-gnu/libc-2.31.so
7f64b5ede000-7f64b5ee2000 rw-p 00000000 00:00 0 
7f64b5ee2000-7f64b5ee3000 r--p 00000000 08:12 57149578                   /usr/lib/x86_64-linux-gnu/libdl-2.31.so
7f64b5ee3000-7f64b5ee5000 r-xp 00001000 08:12 57149578                   /usr/lib/x86_64-linux-gnu/libdl-2.31.so
7f64b5ee5000-7f64b5ee6000 r--p 00003000 08:12 57149578                   /usr/lib/x86_64-linux-gnu/libdl-2.31.so
7f64b5ee6000-7f64b5ee7000 r--p 00003000 08:12 57149578                   /usr/lib/x86_64-linux-gnu/libdl-2.31.so
7f64b5ee7000-7f64b5ee8000 rw-p 00004000 08:12 57149578                   /usr/lib/x86_64-linux-gnu/libdl-2.31.so
7f64b5ee8000-7f64b5eef000 r--p 00000000 08:12 57149594                   /usr/lib/x86_64-linux-gnu/libpthread-2.31.so
7f64b5eef000-7f64b5f00000 r-xp 00007000 08:12 57149594                   /usr/lib/x86_64-linux-gnu/libpthread-2.31.so
7f64b5f00000-7f64b5f05000 r--p 00018000 08:12 57149594                   /usr/lib/x86_64-linux-gnu/libpthread-2.31.so
7f64b5f05000-7f64b5f06000 r--p 0001c000 08:12 57149594                   /usr/lib/x86_64-linux-gnu/libpthread-2.31.so
7f64b5f06000-7f64b5f07000 rw-p 0001d000 08:12 57149594                   /usr/lib/x86_64-linux-gnu/libpthread-2.31.so
7f64b5f07000-7f64b5f0b000 rw-p 00000000 00:00 0 
7f64b5f0b000-7f64b5f1a000 r-xp 00000000 08:12 57281840                   /usr/lib/jvm/jdk-16.0.1/lib/libjli.so
7f64b5f1a000-7f64b5f1b000 r--p 0000e000 08:12 57281840                   /usr/lib/jvm/jdk-16.0.1/lib/libjli.so
7f64b5f1b000-7f64b5f1c000 rw-p 0000f000 08:12 57281840                   /usr/lib/jvm/jdk-16.0.1/lib/libjli.so
7f64b5f1c000-7f64b5f1e000 r--p 00000000 08:12 57147586                   /usr/lib/x86_64-linux-gnu/libz.so.1.2.11
7f64b5f1e000-7f64b5f2f000 r-xp 00002000 08:12 57147586                   /usr/lib/x86_64-linux-gnu/libz.so.1.2.11
7f64b5f2f000-7f64b5f35000 r--p 00013000 08:12 57147586                   /usr/lib/x86_64-linux-gnu/libz.so.1.2.11
7f64b5f35000-7f64b5f36000 ---p 00019000 08:12 57147586                   /usr/lib/x86_64-linux-gnu/libz.so.1.2.11
7f64b5f36000-7f64b5f37000 r--p 00019000 08:12 57147586                   /usr/lib/x86_64-linux-gnu/libz.so.1.2.11
7f64b5f37000-7f64b5f38000 rw-p 0001a000 08:12 57147586                   /usr/lib/x86_64-linux-gnu/libz.so.1.2.11
7f64b5f38000-7f64b5f3a000 rw-p 00000000 00:00 0 
7f64b5f3a000-7f64b5f42000 rw-s 00000000 08:12 4850518                    /tmp/hsperfdata_liujingshi/51350
7f64b5f42000-7f64b5f4c000 r-xp 00000000 08:12 57281820                   /usr/lib/jvm/jdk-16.0.1/lib/libinstrument.so
7f64b5f4c000-7f64b5f4d000 r--p 00009000 08:12 57281820                   /usr/lib/jvm/jdk-16.0.1/lib/libinstrument.so
7f64b5f4d000-7f64b5f4e000 rw-p 0000a000 08:12 57281820                   /usr/lib/jvm/jdk-16.0.1/lib/libinstrument.so
7f64b5f4e000-7f64b5f4f000 ---p 00000000 00:00 0 
7f64b5f4f000-7f64b5f50000 r--p 00000000 00:00 0 
7f64b5f50000-7f64b5f51000 r--p 00000000 08:12 57149573                   /usr/lib/x86_64-linux-gnu/ld-2.31.so
7f64b5f51000-7f64b5f74000 r-xp 00001000 08:12 57149573                   /usr/lib/x86_64-linux-gnu/ld-2.31.so
7f64b5f74000-7f64b5f7c000 r--p 00024000 08:12 57149573                   /usr/lib/x86_64-linux-gnu/ld-2.31.so
7f64b5f7c000-7f64b5f7d000 ---p 00000000 00:00 0 
7f64b5f7d000-7f64b5f7e000 r--p 0002c000 08:12 57149573                   /usr/lib/x86_64-linux-gnu/ld-2.31.so
7f64b5f7e000-7f64b5f7f000 rw-p 0002d000 08:12 57149573                   /usr/lib/x86_64-linux-gnu/ld-2.31.so
7f64b5f7f000-7f64b5f80000 rw-p 00000000 00:00 0 
7ffd68276000-7ffd68298000 rw-p 00000000 00:00 0                          [stack]
7ffd683fa000-7ffd683fe000 r--p 00000000 00:00 0                          [vvar]
7ffd683fe000-7ffd68400000 r-xp 00000000 00:00 0                          [vdso]
ffffffffff600000-ffffffffff601000 --xp 00000000 00:00 0                  [vsyscall]


VM Arguments:
jvm_args: -javaagent:/home/liujingshi/programs/idea-IU-211.7142.45/lib/idea_rt.jar=42859:/home/liujingshi/programs/idea-IU-211.7142.45/bin -Dfile.encoding=UTF-8 
java_command: com.ljscode.main.Main
java_class_path (initial): /home/liujingshi/code/github/repository/CGQ-project/out/production/java16window:/home/liujingshi/code/github/repository/CGQ-project/lib/jfreechart/jcommon-1.0.23.jar:/home/liujingshi/code/github/repository/CGQ-project/lib/jfreechart/jfreechart-1.0.19.jar:/home/liujingshi/code/github/repository/CGQ-project/lib/usb4-javax/usb-api-1.0.2.jar:/home/liujingshi/code/github/repository/CGQ-project/lib/usb4-javax/usb4java-javax-1.3.0.jar:/home/liujingshi/code/github/repository/CGQ-project/lib/usb4java/commons-lang3-3.8.1.jar:/home/liujingshi/code/github/repository/CGQ-project/lib/usb4java/usb4java-1.3.0.jar:/home/liujingshi/code/github/repository/CGQ-project/lib/usb4java/libusb4java-1.3.0-win32-x86-64.jar:/home/liujingshi/code/github/repository/CGQ-project/lib/usb4java/libusb4java-1.3.0-darwin-x86-64.jar:/home/liujingshi/code/github/repository/CGQ-project/lib/usb4java/libusb4java-1.3.0-linux-x86-64.jar:/home/liujingshi/code/github/repository/CGQ-project/lib/usb4java/libusb4java-1.3.0-linux-aarch64.jar:/home/liujingshi/code/github/repository/CGQ-project/lib/rxtx/RXTXcomm.jar
Launcher Type: SUN_STANDARD

[Global flags]
     intx CICompilerCount                          = 4                                         {product} {ergonomic}
     uint ConcGCThreads                            = 2                                         {product} {ergonomic}
     uint G1ConcRefinementThreads                  = 8                                         {product} {ergonomic}
   size_t G1HeapRegionSize                         = 2097152                                   {product} {ergonomic}
    uintx GCDrainStackTargetSize                   = 64                                        {product} {ergonomic}
   size_t InitialHeapSize                          = 260046848                                 {product} {ergonomic}
   size_t MarkStackSize                            = 4194304                                   {product} {ergonomic}
   size_t MaxHeapSize                              = 4143972352                                {product} {ergonomic}
   size_t MaxNewSize                               = 2485125120                                {product} {ergonomic}
   size_t MinHeapDeltaBytes                        = 2097152                                   {product} {ergonomic}
   size_t MinHeapSize                              = 8388608                                   {product} {ergonomic}
    uintx NonNMethodCodeHeapSize                   = 5839372                                {pd product} {ergonomic}
    uintx NonProfiledCodeHeapSize                  = 122909434                              {pd product} {ergonomic}
    uintx ProfiledCodeHeapSize                     = 122909434                              {pd product} {ergonomic}
    uintx ReservedCodeCacheSize                    = 251658240                              {pd product} {ergonomic}
     bool SegmentedCodeCache                       = true                                      {product} {ergonomic}
   size_t SoftMaxHeapSize                          = 4143972352                             {manageable} {ergonomic}
     bool UseCompressedClassPointers               = true                           {product lp64_product} {ergonomic}
     bool UseCompressedOops                        = true                           {product lp64_product} {ergonomic}
     bool UseG1GC                                  = true                                      {product} {ergonomic}

Logging:
Log output configuration:
 #0: stdout all=warning uptime,level,tags
 #1: stderr all=off uptime,level,tags

Environment Variables:
JAVA_HOME=/usr/lib/jvm/jdk-16.0.1
PATH=/usr/local/sbin:/usr/local/bin:/usr/sbin:/usr/bin:/sbin:/bin:/usr/games:/usr/local/games:/snap/bin:/usr/lib/jvm/jdk-16.0.1/bin
USERNAME=liujingshi
SHELL=/bin/bash
DISPLAY=:0
LANG=zh_CN.UTF-8

Signal Handlers:
SIGSEGV: [libjvm.so+0xdfef20], sa_mask[0]=11100100010111111101111111111110, sa_flags=SA_RESTART|SA_SIGINFO
SIGBUS: [libjvm.so+0xdfef20], sa_mask[0]=11100100010111111101111111111110, sa_flags=SA_RESTART|SA_SIGINFO
SIGFPE: [libjvm.so+0xdfef20], sa_mask[0]=11100100010111111101111111111110, sa_flags=SA_RESTART|SA_SIGINFO
SIGPIPE: [libjvm.so+0xca8980], sa_mask[0]=11100100010111111101111111111110, sa_flags=SA_RESTART|SA_SIGINFO
SIGXFSZ: [libjvm.so+0xca8980], sa_mask[0]=11100100010111111101111111111110, sa_flags=SA_RESTART|SA_SIGINFO
SIGILL: [libjvm.so+0xdfef20], sa_mask[0]=11100100010111111101111111111110, sa_flags=SA_RESTART|SA_SIGINFO
SIGUSR2: [libjvm.so+0xca8070], sa_mask[0]=00100000000000000000000000000000, sa_flags=SA_RESTART|SA_SIGINFO
SIGHUP: [libjvm.so+0xca7fa0], sa_mask[0]=11100100010111111101111111111110, sa_flags=SA_RESTART|SA_SIGINFO
SIGINT: [libjvm.so+0xca7fa0], sa_mask[0]=11100100010111111101111111111110, sa_flags=SA_RESTART|SA_SIGINFO
SIGTERM: [libjvm.so+0xca7fa0], sa_mask[0]=11100100010111111101111111111110, sa_flags=SA_RESTART|SA_SIGINFO
SIGQUIT: [libjvm.so+0xca7fa0], sa_mask[0]=11100100010111111101111111111110, sa_flags=SA_RESTART|SA_SIGINFO
SIGTRAP: [libjvm.so+0xdfef20], sa_mask[0]=11100100010111111101111111111110, sa_flags=SA_RESTART|SA_SIGINFO


---------------  S Y S T E M  ---------------

OS:
DISTRIB_ID=Ubuntu
DISTRIB_RELEASE=20.04
DISTRIB_CODENAME=focal
DISTRIB_DESCRIPTION="Ubuntu 20.04.2 LTS"
uname: Linux 5.8.0-53-generic #60~20.04.1-Ubuntu SMP Thu May 6 09:52:46 UTC 2021 x86_64
OS uptime: 0 days 2:32 hours
libc: glibc 2.31 NPTL 2.31 
rlimit (soft/hard): STACK 8192k/infinity , CORE 0k/infinity , NPROC 62996/62996 , NOFILE 1048576/1048576 , AS infinity/infinity , CPU infinity/infinity , DATA infinity/infinity , FSIZE infinity/infinity , MEMLOCK 65536k/65536k
load average: 1.65 0.76 0.52

/proc/meminfo:
MemTotal:       16186340 kB
MemFree:         9077052 kB
MemAvailable:   11781260 kB
Buffers:           55440 kB
Cached:          3386508 kB
SwapCached:            0 kB
Active:          4390072 kB
Inactive:        1877012 kB
Active(anon):    3179472 kB
Inactive(anon):   196540 kB
Active(file):    1210600 kB
Inactive(file):  1680472 kB
Unevictable:      353052 kB
Mlocked:             544 kB
SwapTotal:       2097148 kB
SwapFree:        2097148 kB
Dirty:              4012 kB
Writeback:             0 kB
AnonPages:       3176248 kB
Mapped:          1450404 kB
Shmem:            550880 kB
KReclaimable:     137724 kB
Slab:             309848 kB
SReclaimable:     137724 kB
SUnreclaim:       172124 kB
KernelStack:       13868 kB
PageTables:        32652 kB
NFS_Unstable:          0 kB
Bounce:                0 kB
WritebackTmp:          0 kB
CommitLimit:    10190316 kB
Committed_AS:    9649172 kB
VmallocTotal:   34359738367 kB
VmallocUsed:       42408 kB
VmallocChunk:          0 kB
Percpu:             6016 kB
HardwareCorrupted:     0 kB
AnonHugePages:         0 kB
ShmemHugePages:        0 kB
ShmemPmdMapped:        0 kB
FileHugePages:         0 kB
FilePmdMapped:         0 kB
HugePages_Total:       0
HugePages_Free:        0
HugePages_Rsvd:        0
HugePages_Surp:        0
Hugepagesize:       2048 kB
Hugetlb:               0 kB
DirectMap4k:      371968 kB
DirectMap2M:     6758400 kB
DirectMap1G:    10485760 kB

/sys/kernel/mm/transparent_hugepage/enabled: always [madvise] never
/sys/kernel/mm/transparent_hugepage/defrag (defrag/compaction efforts parameter): always defer defer+madvise [madvise] never

Process Memory:
Virtual Size: 7053596K (peak: 7053596K)
Resident Set Size: 41864K (peak: 41864K) (anon: 15072K, file: 26792K, shmem: 0K)
Swapped out: 0K
C-Heap outstanding allocations: 4334K

/proc/sys/kernel/threads-max (system-wide limit on the number of threads): 125993
/proc/sys/vm/max_map_count (maximum number of memory map areas a process may have): 65530
/proc/sys/kernel/pid_max (system-wide limit on number of process identifiers): 4194304

container (cgroup) information:
container_type: cgroupv1
cpu_cpuset_cpus: 0-7
cpu_memory_nodes: 0
active_processor_count: 8
cpu_quota: no quota
cpu_period: 100000
cpu_shares: no shares
memory_limit_in_bytes: unlimited
memory_and_swap_limit_in_bytes: unlimited
memory_soft_limit_in_bytes: unlimited
memory_usage_in_bytes: 5527064576
memory_max_usage_in_bytes: 10472202240

Steal ticks since vm start: 0
Steal ticks percentage since vm start:  0.000

CPU: total 8 (initial active 8) (4 cores per cpu, 2 threads per core) family 6 model 94 stepping 3 microcode 0xe2, cx8, cmov, fxsr, ht, mmx, 3dnowpref, sse, sse2, sse3, ssse3, sse4.1, sse4.2, popcnt, lzcnt, tsc, tscinvbit, avx, avx2, aes, erms, clmul, bmi1, bmi2, rtm, adx, fma, vzeroupper, clflush, clflushopt
CPU Model and flags from /proc/cpuinfo:
model name	: Intel(R) Core(TM) i7-6700HQ CPU @ 2.60GHz
flags		: fpu vme de pse tsc msr pae mce cx8 apic sep mtrr pge mca cmov pat pse36 clflush dts acpi mmx fxsr sse sse2 ss ht tm pbe syscall nx pdpe1gb rdtscp lm constant_tsc art arch_perfmon pebs bts rep_good nopl xtopology nonstop_tsc cpuid aperfmperf pni pclmulqdq dtes64 monitor ds_cpl vmx est tm2 ssse3 sdbg fma cx16 xtpr pdcm pcid sse4_1 sse4_2 x2apic movbe popcnt tsc_deadline_timer aes xsave avx f16c rdrand lahf_lm abm 3dnowprefetch cpuid_fault epb invpcid_single pti ssbd ibrs ibpb stibp tpr_shadow vnmi flexpriority ept vpid ept_ad fsgsbase tsc_adjust bmi1 hle avx2 smep bmi2 erms invpcid rtm mpx rdseed adx smap clflushopt intel_pt xsaveopt xsavec xgetbv1 xsaves dtherm ida arat pln pts hwp hwp_notify hwp_act_window hwp_epp md_clear flush_l1d

Online cpus: 0-7
Offline cpus: 
BIOS frequency limitation: <Not Available>
Frequency switch latency (ns): 0
Available cpu frequencies: <Not Available>
Current governor: powersave
Core performance/turbo boost: <Not Available>

Memory: 4k page, physical 16186340k(9077052k free), swap 2097148k(2097148k free)

vm_info: Java HotSpot(TM) 64-Bit Server VM (16.0.1+9-24) for linux-amd64 JRE (16.0.1+9-24), built on Mar 26 2021 18:11:45 by "mach5one" with gcc 10.2.0

END.
